#
# A fatal error has been detected by the Java Runtime Environment:
#
#  EXCEPTION_ACCESS_VIOLATION (0xc0000005) at pc=0x00007ffd2a7fbbdf, pid=6168, tid=0x0000000000002554
#
# JRE version: Java(TM) SE Runtime Environment (8.0_121-b13) (build 1.8.0_121-b13)
# Java VM: Java HotSpot(TM) 64-Bit Server VM (25.121-b13 mixed mode windows-amd64 compressed oops)
# Problematic frame:
# C  [ntdll.dll+0x3bbdf]
#
# Failed to write core dump. Minidumps are not enabled by default on client versions of Windows
#
# If you would like to submit a bug report, please visit:
#   http://bugreport.java.com/bugreport/crash.jsp
# The crash happened outside the Java Virtual Machine in native code.
# See problematic frame for where to report the bug.
#

---------------  T H R E A D  ---------------

Current thread (0x000000001b1b3800):  JavaThread "Thread-2" [_thread_in_native, id=9556, stack(0x000000001d1a0000,0x000000001d2a0000)]

siginfo: ExceptionCode=0xc0000005, writing address 0x0000000000000024

Registers:
RAX=0x0000000000000000, RBX=0x000000001b3a9a58, RCX=0x000000001b3a9a58, RDX=0xffffffffffffffff
RSP=0x000000001d29f210, RBP=0x000000001d29f280, RSI=0x0000000000000000, RDI=0x0000000000000000
R8 =0x0000000000000000, R9 =0x00007ffcd6cae600, R10=0x0000000000000000, R11=0x0000000000000246
R12=0x0000000000000000, R13=0x000000001d5d10a0, R14=0x0000000000000001, R15=0x0000000000000000
RIP=0x00007ffd2a7fbbdf, EFLAGS=0x0000000000010213

Top of Stack: (sp=0x000000001d29f210)
0x000000001d29f210:   ffffffffffffffff 000000001b3a9a58
0x000000001d29f220:   000000001c29e2b0 0000000000000000
0x000000001d29f230:   000000001d29f230 0000000017d4a380
0x000000001d29f240:   000000001d29f280 00000000010d1000
0x000000001d29f250:   0000000000000000 0000000017d4a390
0x000000001d29f260:   0000000000000000 000000001d29f280
0x000000001d29f270:   000000001d29f2c8 00007ffd26e2988f
0x000000001d29f280:   000000001b1b3800 0000000000000001
0x000000001d29f290:   000000001d5d10a0 0000000000000000
0x000000001d29f2a0:   0000000000000000 0000000000000000
0x000000001d29f2b0:   0000000000000001 00007ffd2a7d4571
0x000000001d29f2c0:   0000000000000000 000000001b3a9a58
0x000000001d29f2d0:   00000000fffffffa 0000000000000000
0x000000001d29f2e0:   000000001d29f4d0 00007ffd2a7d4490
0x000000001d29f2f0:   00007ffcd6cae640 00007ffcd6cae600
0x000000001d29f300:   0000000000000000 0000000000000000 

Instructions: (pc=0x00007ffd2a7fbbdf)
0x00007ffd2a7fbbbf:   0f 45 fe 48 39 73 18 0f 84 9e 01 00 00 48 83 3b
0x00007ffd2a7fbbcf:   ff 0f 84 a1 01 00 00 48 8b 03 48 83 f8 ff 74 03
0x00007ffd2a7fbbdf:   ff 40 24 48 8b 7b 18 44 8b ee 48 89 7d c0 e8 ee
0x00007ffd2a7fbbef:   57 ff ff 85 c0 0f 85 e2 fe 07 00 b9 82 03 fe 7f 


Register to memory mapping:

RAX=0x0000000000000000 is an unknown value
RBX=0x000000001b3a9a58 is an unknown value
RCX=0x000000001b3a9a58 is an unknown value
RDX=0xffffffffffffffff is an unknown value
RSP=0x000000001d29f210 is pointing into the stack for thread: 0x000000001b1b3800
RBP=0x000000001d29f280 is pointing into the stack for thread: 0x000000001b1b3800
RSI=0x0000000000000000 is an unknown value
RDI=0x0000000000000000 is an unknown value
R8 =0x0000000000000000 is an unknown value
R9 =0x00007ffcd6cae600 is an unknown value
R10=0x0000000000000000 is an unknown value
R11=0x0000000000000246 is an unknown value
R12=0x0000000000000000 is an unknown value
R13=0x000000001d5d10a0 is an unknown value
R14=0x0000000000000001 is an unknown value
R15=0x0000000000000000 is an unknown value


Stack: [0x000000001d1a0000,0x000000001d2a0000],  sp=0x000000001d29f210,  free space=1020k
Native frames: (J=compiled Java code, j=interpreted, Vv=VM code, C=native code)
C  [ntdll.dll+0x3bbdf]
C  [ntdll.dll+0x14571]
C  [ntdll.dll+0x14490]
C  [opencv_highgui248.dll+0x15963]
C  [opencv_highgui248.dll+0x16946]
C  [opencv_highgui248.dll+0x10b2]
C  [jniopencv_highgui.dll+0x75d9]
C  0x0000000003317f74

Java frames: (J=compiled Java code, j=interpreted, Vv=VM code)
j  com.googlecode.javacv.cpp.opencv_highgui.cvQueryFrame(Lcom/googlecode/javacv/cpp/opencv_highgui$CvCapture;)Lcom/googlecode/javacv/cpp/opencv_core$IplImage;+0
j  webcam.Webcamera$3.run()V+46
v  ~StubRoutines::call_stub

---------------  P R O C E S S  ---------------

Java Threads: ( => current thread )
=>0x000000001b1b3800 JavaThread "Thread-2" [_thread_in_native, id=9556, stack(0x000000001d1a0000,0x000000001d2a0000)]
  0x00000000030de000 JavaThread "DestroyJavaVM" [_thread_blocked, id=4396, stack(0x0000000003100000,0x0000000003200000)]
  0x000000001b167800 JavaThread "AWT-EventQueue-0" [_thread_blocked, id=12556, stack(0x000000001bce0000,0x000000001bde0000)]
  0x000000001b111800 JavaThread "AWT-Windows" daemon [_thread_in_native, id=8608, stack(0x000000001ba40000,0x000000001bb40000)]
  0x000000001b109800 JavaThread "AWT-Shutdown" [_thread_blocked, id=11552, stack(0x000000001b940000,0x000000001ba40000)]
  0x000000001b109000 JavaThread "Java2D Disposer" daemon [_thread_blocked, id=7992, stack(0x000000001b840000,0x000000001b940000)]
  0x000000001a1e6800 JavaThread "Service Thread" daemon [_thread_blocked, id=13220, stack(0x000000001ad10000,0x000000001ae10000)]
  0x000000001a15a800 JavaThread "C1 CompilerThread3" daemon [_thread_blocked, id=8016, stack(0x000000001ac10000,0x000000001ad10000)]
  0x000000001a155800 JavaThread "C2 CompilerThread2" daemon [_thread_blocked, id=10776, stack(0x000000001ab10000,0x000000001ac10000)]
  0x000000001a151000 JavaThread "C2 CompilerThread1" daemon [_thread_blocked, id=7968, stack(0x000000001aa10000,0x000000001ab10000)]
  0x000000001a14d000 JavaThread "C2 CompilerThread0" daemon [_thread_blocked, id=11824, stack(0x000000001a910000,0x000000001aa10000)]
  0x000000001a14b800 JavaThread "Attach Listener" daemon [_thread_blocked, id=3172, stack(0x000000001a810000,0x000000001a910000)]
  0x000000001a148000 JavaThread "Signal Dispatcher" daemon [_thread_blocked, id=1260, stack(0x000000001a710000,0x000000001a810000)]
  0x00000000032fe000 JavaThread "Finalizer" daemon [_thread_in_native, id=7492, stack(0x000000001a520000,0x000000001a620000)]
  0x00000000032f5000 JavaThread "Reference Handler" daemon [_thread_blocked, id=1412, stack(0x000000001a020000,0x000000001a120000)]

Other Threads:
  0x0000000018249000 VMThread [stack: 0x0000000019f20000,0x000000001a020000] [id=11296]
  0x000000001a213000 WatcherThread [stack: 0x000000001ae10000,0x000000001af10000] [id=8888]

VM state:not at safepoint (normal execution)

VM Mutex/Monitor currently owned by a thread: None

Heap:
 PSYoungGen      total 37888K, used 7322K [0x00000000d6100000, 0x00000000d8b00000, 0x0000000100000000)
  eden space 32768K, 7% used [0x00000000d6100000,0x00000000d6349a30,0x00000000d8100000)
  from space 5120K, 97% used [0x00000000d8600000,0x00000000d8add040,0x00000000d8b00000)
  to   space 5120K, 0% used [0x00000000d8100000,0x00000000d8100000,0x00000000d8600000)
 ParOldGen       total 86016K, used 9317K [0x0000000082200000, 0x0000000087600000, 0x00000000d6100000)
  object space 86016K, 10% used [0x0000000082200000,0x0000000082b19668,0x0000000087600000)
 Metaspace       used 12421K, capacity 12596K, committed 12672K, reserved 1060864K
  class space    used 1565K, capacity 1636K, committed 1664K, reserved 1048576K

Card table byte_map: [0x00000000126c0000,0x0000000012ab0000] byte_map_base: 0x00000000122af000

Marking Bits: (ParMarkBitMap*) 0x00000000731cb6d0
 Begin Bits: [0x0000000013550000, 0x00000000154c8000)
 End Bits:   [0x00000000154c8000, 0x0000000017440000)

Polling page: 0x00000000019e0000

CodeCache: size=245760Kb used=3270Kb max_used=3270Kb free=242489Kb
 bounds [0x0000000003300000, 0x0000000003640000, 0x0000000012300000]
 total_blobs=1428 nmethods=909 adapters=432
 compilation: enabled

Compilation events (10 events):
Event: 13.401 Thread 0x000000001a15a800  905       3       java.lang.ref.ReferenceQueue::reallyPoll (66 bytes)
Event: 13.402 Thread 0x000000001a15a800 nmethod 905 0x0000000003631290 code [0x0000000003631400, 0x0000000003631870]
Event: 13.402 Thread 0x000000001a15a800  906       3       java.lang.ref.ReferenceQueue::remove (6 bytes)
Event: 13.402 Thread 0x000000001a15a800 nmethod 906 0x0000000003631950 code [0x0000000003631ac0, 0x0000000003631cc8]
Event: 13.402 Thread 0x000000001a15a800  907   !   3       java.lang.ref.ReferenceQueue::remove (125 bytes)
Event: 13.403 Thread 0x000000001a15a800 nmethod 907 0x0000000003631d50 code [0x0000000003631f20, 0x00000000036327d8]
Event: 13.403 Thread 0x000000001a15a800  908       3       java.lang.ref.Reference::clear (6 bytes)
Event: 13.403 Thread 0x000000001a15a800 nmethod 908 0x0000000003632bd0 code [0x0000000003632d20, 0x0000000003632e90]
Event: 13.403 Thread 0x000000001a15a800  909       1       java.awt.image.SampleModel::getWidth (5 bytes)
Event: 13.404 Thread 0x000000001a15a800 nmethod 909 0x0000000003632f10 code [0x0000000003633060, 0x0000000003633170]

GC Heap History (4 events):
Event: 8.992 GC heap before
{Heap before GC invocations=1 (full 0):
 PSYoungGen      total 37888K, used 32614K [0x00000000d6100000, 0x00000000d8b00000, 0x0000000100000000)
  eden space 32768K, 99% used [0x00000000d6100000,0x00000000d80d98b8,0x00000000d8100000)
  from space 5120K, 0% used [0x00000000d8600000,0x00000000d8600000,0x00000000d8b00000)
  to   space 5120K, 0% used [0x00000000d8100000,0x00000000d8100000,0x00000000d8600000)
 ParOldGen       total 86016K, used 0K [0x0000000082200000, 0x0000000087600000, 0x00000000d6100000)
  object space 86016K, 0% used [0x0000000082200000,0x0000000082200000,0x0000000087600000)
 Metaspace       used 12184K, capacity 12368K, committed 12672K, reserved 1060864K
  class space    used 1544K, capacity 1604K, committed 1664K, reserved 1048576K
Event: 8.999 GC heap after
Heap after GC invocations=1 (full 0):
 PSYoungGen      total 37888K, used 5088K [0x00000000d6100000, 0x00000000d8b00000, 0x0000000100000000)
  eden space 32768K, 0% used [0x00000000d6100000,0x00000000d6100000,0x00000000d8100000)
  from space 5120K, 99% used [0x00000000d8100000,0x00000000d85f8040,0x00000000d8600000)
  to   space 5120K, 0% used [0x00000000d8600000,0x00000000d8600000,0x00000000d8b00000)
 ParOldGen       total 86016K, used 8109K [0x0000000082200000, 0x0000000087600000, 0x00000000d6100000)
  object space 86016K, 9% used [0x0000000082200000,0x00000000829eb658,0x0000000087600000)
 Metaspace       used 12184K, capacity 12368K, committed 12672K, reserved 1060864K
  class space    used 1544K, capacity 1604K, committed 1664K, reserved 1048576K
}
Event: 13.395 GC heap before
{Heap before GC invocations=2 (full 0):
 PSYoungGen      total 37888K, used 37362K [0x00000000d6100000, 0x00000000d8b00000, 0x0000000100000000)
  eden space 32768K, 98% used [0x00000000d6100000,0x00000000d8084b78,0x00000000d8100000)
  from space 5120K, 99% used [0x00000000d8100000,0x00000000d85f8040,0x00000000d8600000)
  to   space 5120K, 0% used [0x00000000d8600000,0x00000000d8600000,0x00000000d8b00000)
 ParOldGen       total 86016K, used 8109K [0x0000000082200000, 0x0000000087600000, 0x00000000d6100000)
  object space 86016K, 9% used [0x0000000082200000,0x00000000829eb658,0x0000000087600000)
 Metaspace       used 12419K, capacity 12596K, committed 12672K, reserved 1060864K
  class space    used 1565K, capacity 1636K, committed 1664K, reserved 1048576K
Event: 13.400 GC heap after
Heap after GC invocations=2 (full 0):
 PSYoungGen      total 37888K, used 4980K [0x00000000d6100000, 0x00000000d8b00000, 0x0000000100000000)
  eden space 32768K, 0% used [0x00000000d6100000,0x00000000d6100000,0x00000000d8100000)
  from space 5120K, 97% used [0x00000000d8600000,0x00000000d8add040,0x00000000d8b00000)
  to   space 5120K, 0% used [0x00000000d8100000,0x00000000d8100000,0x00000000d8600000)
 ParOldGen       total 86016K, used 9317K [0x0000000082200000, 0x0000000087600000, 0x00000000d6100000)
  object space 86016K, 10% used [0x0000000082200000,0x0000000082b19668,0x0000000087600000)
 Metaspace       used 12419K, capacity 12596K, committed 12672K, reserved 1060864K
  class space    used 1565K, capacity 1636K, committed 1664K, reserved 1048576K
}

Deoptimization events (6 events):
Event: 2.531 Thread 0x000000001b1b3800 Uncommon trap: reason=class_check action=maybe_recompile pc=0x00000000034dfdc0 method=java.util.HashMap.putVal(ILjava/lang/Object;Ljava/lang/Object;ZZ)Ljava/lang/Object; @ 253
Event: 2.531 Thread 0x000000001b1b3800 Uncommon trap: reason=class_check action=maybe_recompile pc=0x00000000034dfdc0 method=java.util.HashMap.putVal(ILjava/lang/Object;Ljava/lang/Object;ZZ)Ljava/lang/Object; @ 253
Event: 2.531 Thread 0x000000001b1b3800 Uncommon trap: reason=class_check action=maybe_recompile pc=0x00000000034dfdc0 method=java.util.HashMap.putVal(ILjava/lang/Object;Ljava/lang/Object;ZZ)Ljava/lang/Object; @ 253
Event: 2.535 Thread 0x000000001b1b3800 Uncommon trap: reason=class_check action=maybe_recompile pc=0x00000000034dfdc0 method=java.util.HashMap.putVal(ILjava/lang/Object;Ljava/lang/Object;ZZ)Ljava/lang/Object; @ 253
Event: 2.535 Thread 0x000000001b1b3800 Uncommon trap: reason=class_check action=maybe_recompile pc=0x00000000034db8ec method=java.util.HashMap.putVal(ILjava/lang/Object;Ljava/lang/Object;ZZ)Ljava/lang/Object; @ 253
Event: 6.610 Thread 0x000000001b1b3800 Uncommon trap: reason=unstable_if action=reinterpret pc=0x00000000035d0070 method=com.googlecode.javacv.cpp.opencv_core$IplImage.flipCopyWithGamma(Ljava/nio/ByteBuffer;ILjava/nio/ByteBuffer;IZDZI)V @ 50

Internal exceptions (10 events):
Event: 0.890 Thread 0x00000000030de000 Exception <a 'java/lang/ClassNotFoundException': ToolBar> (0x00000000d6554d10) thrown at [C:\re\workspace\8-2-build-windows-amd64-cygwin\jdk8u121\8372\hotspot\src\share\vm\classfile\systemDictionary.cpp, line 210]
Event: 0.890 Thread 0x00000000030de000 Exception <a 'java/lang/ClassNotFoundException': ToggleButton> (0x00000000d65552c0) thrown at [C:\re\workspace\8-2-build-windows-amd64-cygwin\jdk8u121\8372\hotspot\src\share\vm\classfile\systemDictionary.cpp, line 210]
Event: 0.890 Thread 0x00000000030de000 Exception <a 'java/lang/ClassNotFoundException': javax/swing/JToolBarSeparator> (0x00000000d6555720) thrown at [C:\re\workspace\8-2-build-windows-amd64-cygwin\jdk8u121\8372\hotspot\src\share\vm\classfile\systemDictionary.cpp, line 210]
Event: 0.890 Thread 0x00000000030de000 Exception <a 'java/lang/ClassNotFoundException': ToolBarSeparator> (0x00000000d6555bb8) thrown at [C:\re\workspace\8-2-build-windows-amd64-cygwin\jdk8u121\8372\hotspot\src\share\vm\classfile\systemDictionary.cpp, line 210]
Event: 0.891 Thread 0x00000000030de000 Exception <a 'java/lang/ClassNotFoundException': ToolTip> (0x00000000d65562f8) thrown at [C:\re\workspace\8-2-build-windows-amd64-cygwin\jdk8u121\8372\hotspot\src\share\vm\classfile\systemDictionary.cpp, line 210]
Event: 0.891 Thread 0x00000000030de000 Exception <a 'java/lang/ClassNotFoundException': Tree> (0x00000000d6556f18) thrown at [C:\re\workspace\8-2-build-windows-amd64-cygwin\jdk8u121\8372\hotspot\src\share\vm\classfile\systemDictionary.cpp, line 210]
Event: 0.891 Thread 0x00000000030de000 Exception <a 'java/lang/ClassNotFoundException': Tree> (0x00000000d6557658) thrown at [C:\re\workspace\8-2-build-windows-amd64-cygwin\jdk8u121\8372\hotspot\src\share\vm\classfile\systemDictionary.cpp, line 210]
Event: 0.891 Thread 0x00000000030de000 Exception <a 'java/lang/ClassNotFoundException': javax/swing/JTreeCell> (0x00000000d65579d8) thrown at [C:\re\workspace\8-2-build-windows-amd64-cygwin\jdk8u121\8372\hotspot\src\share\vm\classfile\systemDictionary.cpp, line 210]
Event: 0.891 Thread 0x00000000030de000 Exception <a 'java/lang/ClassNotFoundException': TreeCell> (0x00000000d6557e60) thrown at [C:\re\workspace\8-2-build-windows-amd64-cygwin\jdk8u121\8372\hotspot\src\share\vm\classfile\systemDictionary.cpp, line 210]
Event: 0.892 Thread 0x00000000030de000 Exception <a 'java/lang/ClassNotFoundException': RootPane> (0x00000000d65588c0) thrown at [C:\re\workspace\8-2-build-windows-amd64-cygwin\jdk8u121\8372\hotspot\src\share\vm\classfile\systemDictionary.cpp, line 210]

Events (10 events):
Event: 10.503 loading class java/util/concurrent/BlockingQueue done
Event: 10.503 loading class java/util/concurrent/LinkedBlockingQueue done
Event: 10.503 loading class java/util/concurrent/LinkedBlockingQueue$Node
Event: 10.503 loading class java/util/concurrent/LinkedBlockingQueue$Node done
Event: 10.503 loading class java/util/concurrent/Executors$DefaultThreadFactory
Event: 10.503 loading class java/util/concurrent/ThreadFactory
Event: 10.503 loading class java/util/concurrent/ThreadFactory done
Event: 10.503 loading class java/util/concurrent/Executors$DefaultThreadFactory done
Event: 13.395 Executing VM operation: ParallelGCFailedAllocation
Event: 13.400 Executing VM operation: ParallelGCFailedAllocation done


Dynamic libraries:
0x00007ff77c8a0000 - 0x00007ff77c8d7000 	C:\Program Files\Java\jdk1.8.0_121\bin\java.exe
0x00007ffd2a7c0000 - 0x00007ffd2a99b000 	C:\WINDOWS\SYSTEM32\ntdll.dll
0x00007ffd2a020000 - 0x00007ffd2a0ce000 	C:\WINDOWS\System32\KERNEL32.DLL
0x00007ffd26df0000 - 0x00007ffd27039000 	C:\WINDOWS\System32\KERNELBASE.dll
0x00007ffd27d20000 - 0x00007ffd27dc1000 	C:\WINDOWS\System32\ADVAPI32.dll
0x00007ffd29600000 - 0x00007ffd2969d000 	C:\WINDOWS\System32\msvcrt.dll
0x00007ffd29fc0000 - 0x00007ffd2a019000 	C:\WINDOWS\System32\sechost.dll
0x00007ffd29d00000 - 0x00007ffd29e25000 	C:\WINDOWS\System32\RPCRT4.dll
0x00007ffd29e30000 - 0x00007ffd29f7a000 	C:\WINDOWS\System32\USER32.dll
0x00007ffd26dd0000 - 0x00007ffd26dee000 	C:\WINDOWS\System32\win32u.dll
0x00007ffd29b30000 - 0x00007ffd29b57000 	C:\WINDOWS\System32\GDI32.dll
0x00007ffd277a0000 - 0x00007ffd27927000 	C:\WINDOWS\System32\gdi32full.dll
0x00007ffd26d30000 - 0x00007ffd26dca000 	C:\WINDOWS\System32\msvcp_win.dll
0x00007ffd27930000 - 0x00007ffd27a26000 	C:\WINDOWS\System32\ucrtbase.dll
0x00007ffd22020000 - 0x00007ffd22287000 	C:\WINDOWS\WinSxS\amd64_microsoft.windows.common-controls_6595b64144ccf1df_6.0.15063.483_none_26002d27e7c744a2\COMCTL32.dll
0x00007ffd297c0000 - 0x00007ffd29ab9000 	C:\WINDOWS\System32\combase.dll
0x00007ffd27ae0000 - 0x00007ffd27b4a000 	C:\WINDOWS\System32\bcryptPrimitives.dll
0x00007ffd29f80000 - 0x00007ffd29fad000 	C:\WINDOWS\System32\IMM32.DLL
0x00000000728d0000 - 0x00000000729a2000 	C:\Program Files\Java\jdk1.8.0_121\jre\bin\msvcr100.dll
0x00000000729b0000 - 0x000000007324b000 	C:\Program Files\Java\jdk1.8.0_121\jre\bin\server\jvm.dll
0x00007ffd2a7b0000 - 0x00007ffd2a7b8000 	C:\WINDOWS\System32\PSAPI.DLL
0x00007ffd21d40000 - 0x00007ffd21d4a000 	C:\WINDOWS\SYSTEM32\VERSION.dll
0x00007ffd22d60000 - 0x00007ffd22d69000 	C:\WINDOWS\SYSTEM32\WSOCK32.dll
0x00007ffd25330000 - 0x00007ffd25353000 	C:\WINDOWS\SYSTEM32\WINMM.dll
0x00007ffd29ac0000 - 0x00007ffd29b2c000 	C:\WINDOWS\System32\WS2_32.dll
0x00007ffd25300000 - 0x00007ffd2532b000 	C:\WINDOWS\SYSTEM32\winmmbase.dll
0x00007ffd26ce0000 - 0x00007ffd26d29000 	C:\WINDOWS\System32\cfgmgr32.dll
0x00000000728c0000 - 0x00000000728cf000 	C:\Program Files\Java\jdk1.8.0_121\jre\bin\verify.dll
0x0000000072890000 - 0x00000000728b9000 	C:\Program Files\Java\jdk1.8.0_121\jre\bin\java.dll
0x0000000072870000 - 0x0000000072886000 	C:\Program Files\Java\jdk1.8.0_121\jre\bin\zip.dll
0x00007ffd28110000 - 0x00007ffd29546000 	C:\WINDOWS\System32\SHELL32.dll
0x00007ffd2a5d0000 - 0x00007ffd2a67a000 	C:\WINDOWS\System32\shcore.dll
0x00007ffd27040000 - 0x00007ffd27731000 	C:\WINDOWS\System32\windows.storage.dll
0x00007ffd2a0d0000 - 0x00007ffd2a121000 	C:\WINDOWS\System32\shlwapi.dll
0x00007ffd26cc0000 - 0x00007ffd26cd1000 	C:\WINDOWS\System32\kernel.appcore.dll
0x00007ffd26c70000 - 0x00007ffd26cbc000 	C:\WINDOWS\System32\powrprof.dll
0x00007ffd26c30000 - 0x00007ffd26c45000 	C:\WINDOWS\System32\profapi.dll
0x0000000072690000 - 0x0000000072828000 	C:\Program Files\Java\jdk1.8.0_121\jre\bin\awt.dll
0x00007ffd296a0000 - 0x00007ffd29760000 	C:\WINDOWS\System32\OLEAUT32.dll
0x00007ffd25360000 - 0x00007ffd253de000 	C:\WINDOWS\SYSTEM32\apphelp.dll
0x00007ffd25530000 - 0x00007ffd255c5000 	C:\WINDOWS\system32\uxtheme.dll
0x00007ffd27fa0000 - 0x00007ffd28106000 	C:\WINDOWS\System32\MSCTF.dll
0x00007ffd24710000 - 0x00007ffd2473a000 	C:\WINDOWS\system32\dwmapi.dll
0x00007ffd27e50000 - 0x00007ffd27f95000 	C:\WINDOWS\System32\ole32.dll
0x00007ffce7d70000 - 0x00007ffce7d89000 	C:\Program Files (x86)\Smadav\SmadHook64.dll
0x0000000072640000 - 0x0000000072687000 	C:\Program Files\Java\jdk1.8.0_121\jre\bin\fontmanager.dll
0x00007ffcfea70000 - 0x00007ffcfeb91000 	C:\WINDOWS\system32\opengl32.dll
0x00007ffcffc50000 - 0x00007ffcffc7c000 	C:\WINDOWS\SYSTEM32\GLU32.dll
0x0000000072850000 - 0x000000007286a000 	C:\Program Files\Java\jdk1.8.0_121\jre\bin\net.dll
0x00007ffd264e0000 - 0x00007ffd2653c000 	C:\WINDOWS\system32\mswsock.dll
0x0000000072830000 - 0x0000000072841000 	C:\Program Files\Java\jdk1.8.0_121\jre\bin\nio.dll
0x00000000725f0000 - 0x0000000072632000 	C:\Program Files\Java\jdk1.8.0_121\jre\bin\t2k.dll
0x00007ffd20390000 - 0x00007ffd20412000 	C:\WINDOWS\System32\TextInputFramework.dll
0x00007ffd1ff20000 - 0x00007ffd201f2000 	C:\WINDOWS\System32\CoreUIComponents.dll
0x00007ffd24600000 - 0x00007ffd246e3000 	C:\WINDOWS\System32\CoreMessaging.dll
0x00007ffd25e10000 - 0x00007ffd25e41000 	C:\WINDOWS\SYSTEM32\ntmarta.dll
0x00007ffd23860000 - 0x00007ffd23875000 	C:\WINDOWS\SYSTEM32\usermgrcli.dll
0x00007ffd22b40000 - 0x00007ffd22c79000 	C:\WINDOWS\SYSTEM32\wintypes.dll
0x00000000725b0000 - 0x00000000725da000 	C:\Program Files\Java\jdk1.8.0_121\jre\bin\dcpr.dll
0x00000000724d0000 - 0x00000000725a1000 	C:\Users\user\AppData\Local\Temp\javacpp3833233449507\msvcr100.dll
0x0000000072430000 - 0x00000000724c8000 	C:\Users\user\AppData\Local\Temp\javacpp3833233449507\msvcp100.dll
0x0000000066840000 - 0x00000000676b4000 	C:\Users\user\AppData\Local\Temp\javacpp3833233449507\opencv_ffmpeg248_64.dll
0x00007ffce7af0000 - 0x00007ffce7d62000 	C:\Users\user\AppData\Local\Temp\javacpp3833233449507\opencv_core248.dll
0x00007ffcd71c0000 - 0x00007ffcd7472000 	C:\Users\user\AppData\Local\Temp\javacpp3833233449507\opencv_imgproc248.dll
0x00007ffcd6a80000 - 0x00007ffcd6ccd000 	C:\Users\user\AppData\Local\Temp\javacpp3833233449507\opencv_highgui248.dll
0x00007ffd19ac0000 - 0x00007ffd19ad8000 	C:\WINDOWS\SYSTEM32\AVICAP32.dll
0x00007ffd19a70000 - 0x00007ffd19a99000 	C:\WINDOWS\SYSTEM32\MSVFW32.dll
0x00007ffd19aa0000 - 0x00007ffd19abf000 	C:\WINDOWS\SYSTEM32\AVIFIL32.dll
0x00007ffd16070000 - 0x00007ffd1608c000 	C:\WINDOWS\SYSTEM32\MSACM32.dll
0x00007ffd19a50000 - 0x00007ffd19a63000 	C:\Users\user\AppData\Local\Temp\javacpp3833233449507\jniopencv_highgui.dll
0x00007ffd29550000 - 0x00007ffd295ee000 	C:\WINDOWS\System32\clbcatq.dll
0x00007ffd0f4e0000 - 0x00007ffd0f4f7000 	C:\Windows\System32\devenum.dll
0x00007ffd2a130000 - 0x00007ffd2a56b000 	C:\WINDOWS\System32\setupapi.dll
0x00007ffd25790000 - 0x00007ffd257b8000 	C:\WINDOWS\SYSTEM32\DEVOBJ.dll
0x00007ffd27740000 - 0x00007ffd27796000 	C:\WINDOWS\System32\WINTRUST.dll
0x00007ffd26c50000 - 0x00007ffd26c61000 	C:\WINDOWS\System32\MSASN1.dll
0x00007ffd27b50000 - 0x00007ffd27d19000 	C:\WINDOWS\System32\CRYPT32.dll
0x00007ffd20eb0000 - 0x00007ffd20ebb000 	C:\WINDOWS\SYSTEM32\msdmo.dll
0x00007ffd09420000 - 0x00007ffd09452000 	C:\Windows\System32\qcap.dll
0x00007ffcd68c0000 - 0x00007ffcd6a7c000 	C:\Windows\System32\quartz.dll
0x00007ffd267f0000 - 0x00007ffd26815000 	C:\Windows\System32\bcrypt.dll
0x00007ffcfdc10000 - 0x00007ffcfdc5d000 	C:\Windows\System32\mfksproxy.dll
0x00007ffd168f0000 - 0x00007ffd1690c000 	C:\Windows\System32\ATL.DLL
0x00007ffd23db0000 - 0x00007ffd23de2000 	C:\Windows\System32\MFSENSORGROUP.dll
0x00007ffcf8ff0000 - 0x00007ffcf9190000 	C:\Windows\System32\MFPlat.DLL
0x00007ffd08bc0000 - 0x00007ffd08bf2000 	C:\Windows\System32\RTWorkQ.DLL
0x00007ffcf8d90000 - 0x00007ffcf8dd8000 	C:\Windows\System32\ksproxy.ax
0x00007ffd20ea0000 - 0x00007ffd20ea9000 	C:\Windows\System32\ksuser.dll
0x00007ffcea480000 - 0x00007ffcea609000 	C:\Windows\System32\d3d9.dll
0x00007ffd22ce0000 - 0x00007ffd22d57000 	C:\WINDOWS\SYSTEM32\policymanager.dll
0x00007ffd22ab0000 - 0x00007ffd22b3f000 	C:\Windows\System32\msvcp110_win.dll
0x00007ffd0f590000 - 0x00007ffd0f59c000 	C:\Windows\System32\vidcap.ax
0x00007ffd0ecd0000 - 0x00007ffd0ecf6000 	C:\Windows\System32\kswdmcap.ax
0x00007ffcf6640000 - 0x00007ffcf67a4000 	C:\Windows\System32\MFC42.dll
0x00007ffcf63b0000 - 0x00007ffcf644f000 	C:\Windows\System32\qedit.dll
0x00007ffd2a680000 - 0x00007ffd2a788000 	C:\WINDOWS\System32\COMDLG32.dll
0x00007ffd21e00000 - 0x00007ffd21f95000 	C:\WINDOWS\WinSxS\amd64_microsoft.windows.gdiplus_6595b64144ccf1df_1.1.15063.608_none_56f0266b425534e9\gdiplus.dll
0x00007ffcfb640000 - 0x00007ffcfb736000 	C:\Windows\System32\DDRAW.dll
0x00007ffd0a7a0000 - 0x00007ffd0a7a8000 	C:\Windows\System32\DCIMAN32.dll
0x00007ffd0ec60000 - 0x00007ffd0ec6c000 	C:\WINDOWS\SYSTEM32\msyuv.dll
0x00007ffcf1770000 - 0x00007ffcf180a000 	C:\Users\user\AppData\Local\Temp\javacpp3833233449507\jniopencv_core.dll
0x00007ffd22890000 - 0x00007ffd22a39000 	C:\WINDOWS\SYSTEM32\dbghelp.dll

VM Arguments:
jvm_args: -Dfile.encoding=UTF-8 
java_command: webcam.Webcamera
java_class_path (initial): C:\javacv-bin\javacpp.jar;C:\javacv-bin\javacv-android-arm.jar;C:\javacv-bin\javacv-linux-x86.jar;C:\javacv-bin\javacv-linux-x86_64.jar;C:\javacv-bin\javacv-macosx-x86_64.jar;C:\javacv-bin\javacv-windows-x86.jar;C:\javacv-bin\javacv-windows-x86_64.jar;C:\javacv-bin\javacv.jar;C:\javacv-cppjars\ffmpeg-2.1.1-windows-x86.jar;C:\javacv-cppjars\ffmpeg-2.1.1-windows-x86_64.jar;C:\javacv-cppjars\opencv-2.4.8-windows-x86.jar;C:\javacv-cppjars\opencv-2.4.8-windows-x86_64.jar;C:\Users\user\Documents\NetBeansProjects\Webcam\build\classes
Launcher Type: SUN_STANDARD

Environment Variables:
PATH=C:\ProgramData\Oracle\Java\javapath;C:\Program Files (x86)\Intel\iCLS Client\;C:\Program Files\Intel\iCLS Client\;C:\Windows\system32;C:\Windows;C:\Windows\System32\Wbem;C:\Windows\System32\WindowsPowerShell\v1.0\;C:\Program Files (x86)\NVIDIA Corporation\PhysX\Common;C:\Program Files (x86)\Intel\Intel(R) Management Engine Components\DAL;C:\Program Files\Intel\Intel(R) Management Engine Components\DAL;C:\Program Files (x86)\Intel\Intel(R) Management Engine Components\IPT;C:\Program Files\Intel\Intel(R) Management Engine Components\IPT;C:\Program Files\Microsoft SQL Server\110\DTS\Binn\;C:\Program Files (x86)\Microsoft SQL Server\110\Tools\Binn\;C:\Program Files\Microsoft SQL Server\110\Tools\Binn\;C:\Program Files (x86)\Microsoft SQL Server\110\Tools\Binn\ManagementStudio\;C:\Program Files (x86)\Microsoft Visual Studio 10.0\Common7\IDE\PrivateAssemblies\;C:\Program Files (x86)\Microsoft SQL Server\110\DTS\Binn\;C:\WINDOWS\system32\config\systemprofile\.dnx\bin;C:\Program Files\Microsoft DNX\Dnvm\;C:\Program Files\Microsoft SQL Server\130\Tools\Binn\;C:\Program Files (x86)\GtkSharp\2.12\bin;C:\Program Files\PuTTY\;C:\Program Files (x86)\QuickTime\QTSystem\;C:\WINDOWS\system32;C:\WINDOWS;C:\WINDOWS\System32\Wbem;C:\WINDOWS\System32\WindowsPowerShell\v1.0\;C:\Program Files\Java\jdk1.8.0_121\bin;C:\opencv\build\x64\vc14\bin;C:\Users\user\AppData\Local\Microsoft\WindowsApps;D:\NMAP
USERNAME=user
OS=Windows_NT
PROCESSOR_IDENTIFIER=Intel64 Family 6 Model 94 Stepping 3, GenuineIntel



---------------  S Y S T E M  ---------------

OS: Windows 10.0 , 64 bit Build 15063 (10.0.15063.296)

CPU:total 8 (4 cores per cpu, 2 threads per core) family 6 model 94 stepping 3, cmov, cx8, fxsr, mmx, sse, sse2, sse3, ssse3, sse4.1, sse4.2, popcnt, avx, avx2, aes, clmul, erms, rtm, 3dnowpref, lzcnt, ht, tsc, tscinvbit, bmi1, bmi2, adx

Memory: 4k page, physical 8247572k(3045012k free), swap 9754900k(3273140k free)

vm_info: Java HotSpot(TM) 64-Bit Server VM (25.121-b13) for windows-amd64 JRE (1.8.0_121-b13), built on Dec 12 2016 18:21:36 by "java_re" with MS VC++ 10.0 (VS2010)

time: Sat Nov 18 14:06:41 2017
elapsed time: 13 seconds (0d 0h 0m 13s)

