#
# A fatal error has been detected by the Java Runtime Environment:
#
#  EXCEPTION_ACCESS_VIOLATION (0xc0000005) at pc=0x00007ff8cdb49e08, pid=11840, tid=0x0000000000002910
#
# JRE version: Java(TM) SE Runtime Environment (8.0_121-b13) (build 1.8.0_121-b13)
# Java VM: Java HotSpot(TM) 64-Bit Server VM (25.121-b13 mixed mode windows-amd64 compressed oops)
# Problematic frame:
# C  [KERNELBASE.dll+0x69e08]
#
# Failed to write core dump. Minidumps are not enabled by default on client versions of Windows
#
# If you would like to submit a bug report, please visit:
#   http://bugreport.java.com/bugreport/crash.jsp
# The crash happened outside the Java Virtual Machine in native code.
# See problematic frame for where to report the bug.
#

---------------  T H R E A D  ---------------

Current thread (0x000000001a6c4800):  JavaThread "AWT-EventQueue-0" [_thread_in_native, id=10512, stack(0x000000001b650000,0x000000001b750000)]

siginfo: ExceptionCode=0xc0000005, reading address 0x0000000000000000

Registers:
RAX=0x00007ff8d0bfd99b, RBX=0x000000001b74cfc0, RCX=0x0000000000000000, RDX=0x0000000000000000
RSP=0x000000001b74b200, RBP=0x000000001b74b8a0, RSI=0x000000001b74d4b0, RDI=0x000000001b74c010
R8 =0x0000000000000000, R9 =0x0000000000000000, R10=0x000000001b74aef4, R11=0x0000000000000000
R12=0x000000001b74c668, R13=0x0000000000000000, R14=0x000000001b74b350, R15=0x00007ff891284c20
RIP=0x00007ff8cdb49e08, EFLAGS=0x0000000000000206

Top of Stack: (sp=0x000000001b74b200)
0x000000001b74b200:   0000000000000000 000000001b74cfc0
0x000000001b74b210:   000000001b74d4b0 000000001b74c010
0x000000001b74b220:   00000000c0000005 0000000000000000
0x000000001b74b230:   00007ff8cdb49e08 0000000000000002
0x000000001b74b240:   0000000000000000 0000000000000000
0x000000001b74b250:   0000000019930520 0000000000000000
0x000000001b74b260:   00002836f7b07352 0000000000000000
0x000000001b74b270:   000000001b74d930 0000000069a520da
0x000000001b74b280:   0000000000000000 000000001b74cfc0
0x000000001b74b290:   000000001b74c010 000000001b847b28
0x000000001b74b2a0:   000000001b74c010 0000000069a520fb
0x000000001b74b2b0:   000000001b74cfc0 000000001b74d930
0x000000001b74b2c0:   0000f98d0aab452b 000000001755b0f0
0x000000001b74b2d0:   000000001b74cfc0 0000000069a904d6
0x000000001b74b2e0:   00007ff891284c20 000000001b74c668
0x000000001b74b2f0:   0000000000000100 0000000017553208 

Instructions: (pc=0x00007ff8cdb49e08)
0x00007ff8cdb49de8:   49 8b d1 44 0f 47 c0 44 89 44 24 38 49 c1 e0 03
0x00007ff8cdb49df8:   e8 1b db 01 00 48 8d 4c 24 20 ff 15 f0 c7 0f 00
0x00007ff8cdb49e08:   48 8b 8c 24 c0 00 00 00 48 33 cc e8 78 b0 01 00
0x00007ff8cdb49e18:   48 81 c4 d8 00 00 00 c3 83 64 24 38 00 eb d6 cc 


Register to memory mapping:

RAX=0x00007ff8d0bfd99b is an unknown value
RBX=0x000000001b74cfc0 is pointing into the stack for thread: 0x000000001a6c4800
RCX=0x0000000000000000 is an unknown value
RDX=0x0000000000000000 is an unknown value
RSP=0x000000001b74b200 is pointing into the stack for thread: 0x000000001a6c4800
RBP=0x000000001b74b8a0 is pointing into the stack for thread: 0x000000001a6c4800
RSI=0x000000001b74d4b0 is pointing into the stack for thread: 0x000000001a6c4800
RDI=0x000000001b74c010 is pointing into the stack for thread: 0x000000001a6c4800
R8 =0x0000000000000000 is an unknown value
R9 =0x0000000000000000 is an unknown value
R10=0x000000001b74aef4 is pointing into the stack for thread: 0x000000001a6c4800
R11=0x0000000000000000 is an unknown value
R12=0x000000001b74c668 is pointing into the stack for thread: 0x000000001a6c4800
R13=0x0000000000000000 is an unknown value
R14=0x000000001b74b350 is pointing into the stack for thread: 0x000000001a6c4800
R15=0x00007ff891284c20 is an unknown value


Stack: [0x000000001b650000,0x000000001b750000],  sp=0x000000001b74b200,  free space=1004k
Native frames: (J=compiled Java code, j=interpreted, Vv=VM code, C=native code)
C  [KERNELBASE.dll+0x69e08]
C  [msvcr100.dll+0x604d6]
C  [ntdll.dll+0xa9603]
C  [opencv_highgui248.dll+0x16ea9]
C  [opencv_highgui248.dll+0x12ef]
C  [jniopencv_highgui.dll+0x69a0]
C  0x0000000002877f74

Java frames: (J=compiled Java code, j=interpreted, Vv=VM code)
j  com.googlecode.javacv.cpp.opencv_highgui.cvCreateCameraCapture(I)Lcom/googlecode/javacv/cpp/opencv_highgui$CvCapture;+0
j  com.googlecode.javacv.OpenCVFrameGrabber.start()V+50
j  webcam.Webcamera.captureCamera()V+10
j  webcam.Webcamera.access$300(Lwebcam/Webcamera;)V+1
j  webcam.Webcamera$5.actionPerformed(Ljava/awt/event/ActionEvent;)V+4
j  javax.swing.Timer.fireActionPerformed(Ljava/awt/event/ActionEvent;)V+34
j  javax.swing.Timer$DoPostEvent.run()V+74
j  java.awt.event.InvocationEvent.dispatch()V+47
j  java.awt.EventQueue.dispatchEventImpl(Ljava/awt/AWTEvent;Ljava/lang/Object;)V+21
j  java.awt.EventQueue.access$500(Ljava/awt/EventQueue;Ljava/awt/AWTEvent;Ljava/lang/Object;)V+3
j  java.awt.EventQueue$3.run()Ljava/lang/Void;+32
j  java.awt.EventQueue$3.run()Ljava/lang/Object;+1
v  ~StubRoutines::call_stub
j  java.security.AccessController.doPrivileged(Ljava/security/PrivilegedAction;Ljava/security/AccessControlContext;)Ljava/lang/Object;+0
j  java.security.ProtectionDomain$JavaSecurityAccessImpl.doIntersectionPrivilege(Ljava/security/PrivilegedAction;Ljava/security/AccessControlContext;Ljava/security/AccessControlContext;)Ljava/lang/Object;+18
j  java.awt.EventQueue.dispatchEvent(Ljava/awt/AWTEvent;)V+46
j  java.awt.EventDispatchThread.pumpOneEventForFilters(I)V+245
j  java.awt.EventDispatchThread.pumpEventsForFilter(ILjava/awt/Conditional;Ljava/awt/EventFilter;)V+35
j  java.awt.EventDispatchThread.pumpEventsForHierarchy(ILjava/awt/Conditional;Ljava/awt/Component;)V+11
j  java.awt.EventDispatchThread.pumpEvents(ILjava/awt/Conditional;)V+4
j  java.awt.EventDispatchThread.pumpEvents(Ljava/awt/Conditional;)V+3
j  java.awt.EventDispatchThread.run()V+9
v  ~StubRoutines::call_stub

---------------  P R O C E S S  ---------------

Java Threads: ( => current thread )
  0x000000002297c000 JavaThread "Thread-4" [_thread_in_native, id=6008, stack(0x0000000023ec0000,0x0000000023fc0000)]
  0x000000001a7c9800 JavaThread "TimerQueue" daemon [_thread_blocked, id=3692, stack(0x000000001ba50000,0x000000001bb50000)]
  0x000000000263e000 JavaThread "DestroyJavaVM" [_thread_blocked, id=10460, stack(0x0000000002640000,0x0000000002740000)]
=>0x000000001a6c4800 JavaThread "AWT-EventQueue-0" [_thread_in_native, id=10512, stack(0x000000001b650000,0x000000001b750000)]
  0x000000001a662000 JavaThread "AWT-Windows" daemon [_thread_in_native, id=272, stack(0x000000001af90000,0x000000001b090000)]
  0x000000001a65f800 JavaThread "AWT-Shutdown" [_thread_blocked, id=4356, stack(0x000000001ae90000,0x000000001af90000)]
  0x000000001a65f000 JavaThread "Java2D Disposer" daemon [_thread_blocked, id=6776, stack(0x000000001ad90000,0x000000001ae90000)]
  0x0000000019736000 JavaThread "Service Thread" daemon [_thread_blocked, id=12228, stack(0x000000001a260000,0x000000001a360000)]
  0x00000000196a6800 JavaThread "C1 CompilerThread3" daemon [_thread_blocked, id=5132, stack(0x000000001a160000,0x000000001a260000)]
  0x00000000196a2800 JavaThread "C2 CompilerThread2" daemon [_thread_blocked, id=6808, stack(0x000000001a060000,0x000000001a160000)]
  0x00000000196a0000 JavaThread "C2 CompilerThread1" daemon [_thread_in_native, id=8120, stack(0x0000000019f60000,0x000000001a060000)]
  0x0000000019699000 JavaThread "C2 CompilerThread0" daemon [_thread_blocked, id=13200, stack(0x0000000019e60000,0x0000000019f60000)]
  0x0000000019697000 JavaThread "Attach Listener" daemon [_thread_blocked, id=11160, stack(0x0000000019d60000,0x0000000019e60000)]
  0x0000000019694000 JavaThread "Signal Dispatcher" daemon [_thread_blocked, id=8596, stack(0x0000000019c60000,0x0000000019d60000)]
  0x0000000002859000 JavaThread "Finalizer" daemon [_thread_blocked, id=6916, stack(0x0000000019a70000,0x0000000019b70000)]
  0x0000000002856000 JavaThread "Reference Handler" daemon [_thread_blocked, id=4340, stack(0x0000000019570000,0x0000000019670000)]

Other Threads:
  0x00000000177a9000 VMThread [stack: 0x0000000019470000,0x0000000019570000] [id=5844]
  0x0000000019763800 WatcherThread [stack: 0x000000001a360000,0x000000001a460000] [id=10416]

VM state:not at safepoint (normal execution)

VM Mutex/Monitor currently owned by a thread: None

Heap:
 PSYoungGen      total 37888K, used 7624K [0x00000000d6100000, 0x00000000d8b00000, 0x0000000100000000)
  eden space 32768K, 7% used [0x00000000d6100000,0x00000000d63723e0,0x00000000d8100000)
  from space 5120K, 99% used [0x00000000d8100000,0x00000000d85ffe98,0x00000000d8600000)
  to   space 5120K, 0% used [0x00000000d8600000,0x00000000d8600000,0x00000000d8b00000)
 ParOldGen       total 86016K, used 2187K [0x0000000082200000, 0x0000000087600000, 0x00000000d6100000)
  object space 86016K, 2% used [0x0000000082200000,0x0000000082422ce0,0x0000000087600000)
 Metaspace       used 13479K, capacity 13680K, committed 13824K, reserved 1060864K
  class space    used 1694K, capacity 1764K, committed 1792K, reserved 1048576K

Card table byte_map: [0x0000000011c20000,0x0000000012010000] byte_map_base: 0x000000001180f000

Marking Bits: (ParMarkBitMap*) 0x000000006628b6d0
 Begin Bits: [0x0000000012ab0000, 0x0000000014a28000)
 End Bits:   [0x0000000014a28000, 0x00000000169a0000)

Polling page: 0x00000000025f0000

CodeCache: size=245760Kb used=3422Kb max_used=3422Kb free=242337Kb
 bounds [0x0000000002860000, 0x0000000002bc0000, 0x0000000011860000]
 total_blobs=1441 nmethods=899 adapters=455
 compilation: enabled

Compilation events (10 events):
Event: 6.743 Thread 0x00000000196a6800  896       3       java.util.WeakHashMap::put (162 bytes)
Event: 6.744 Thread 0x00000000196a6800 nmethod 896 0x0000000002bb7b10 code [0x0000000002bb7d40, 0x0000000002bb8bd8]
Event: 6.744 Thread 0x00000000196a6800  897       3       sun.util.locale.LocaleUtils::toLower (17 bytes)
Event: 6.745 Thread 0x00000000196a6800 nmethod 897 0x0000000002bb9290 code [0x0000000002bb9400, 0x0000000002bb9670]
Event: 6.745 Thread 0x00000000196a6800  898       1       java.awt.Component::getWidth (5 bytes)
Event: 6.745 Thread 0x00000000196a6800 nmethod 898 0x0000000002bb9710 code [0x0000000002bb9860, 0x0000000002bb9970]
Event: 6.745 Thread 0x00000000196a6800  899       1       java.awt.Component::getHeight (5 bytes)
Event: 6.745 Thread 0x00000000196a6800 nmethod 899 0x0000000002bb99d0 code [0x0000000002bb9b20, 0x0000000002bb9c30]
Event: 6.745 Thread 0x00000000196a6800  900       1       sun.java2d.SurfaceData::isValid (5 bytes)
Event: 6.745 Thread 0x00000000196a6800 nmethod 900 0x0000000002bb9c90 code [0x0000000002bb9de0, 0x0000000002bb9ef0]

GC Heap History (2 events):
Event: 6.732 GC heap before
{Heap before GC invocations=1 (full 0):
 PSYoungGen      total 37888K, used 32768K [0x00000000d6100000, 0x00000000d8b00000, 0x0000000100000000)
  eden space 32768K, 100% used [0x00000000d6100000,0x00000000d8100000,0x00000000d8100000)
  from space 5120K, 0% used [0x00000000d8600000,0x00000000d8600000,0x00000000d8b00000)
  to   space 5120K, 0% used [0x00000000d8100000,0x00000000d8100000,0x00000000d8600000)
 ParOldGen       total 86016K, used 0K [0x0000000082200000, 0x0000000087600000, 0x00000000d6100000)
  object space 86016K, 0% used [0x0000000082200000,0x0000000082200000,0x0000000087600000)
 Metaspace       used 13466K, capacity 13680K, committed 13824K, reserved 1060864K
  class space    used 1694K, capacity 1764K, committed 1792K, reserved 1048576K
Event: 6.736 GC heap after
Heap after GC invocations=1 (full 0):
 PSYoungGen      total 37888K, used 5119K [0x00000000d6100000, 0x00000000d8b00000, 0x0000000100000000)
  eden space 32768K, 0% used [0x00000000d6100000,0x00000000d6100000,0x00000000d8100000)
  from space 5120K, 99% used [0x00000000d8100000,0x00000000d85ffe98,0x00000000d8600000)
  to   space 5120K, 0% used [0x00000000d8600000,0x00000000d8600000,0x00000000d8b00000)
 ParOldGen       total 86016K, used 2187K [0x0000000082200000, 0x0000000087600000, 0x00000000d6100000)
  object space 86016K, 2% used [0x0000000082200000,0x0000000082422ce0,0x0000000087600000)
 Metaspace       used 13466K, capacity 13680K, committed 13824K, reserved 1060864K
  class space    used 1694K, capacity 1764K, committed 1792K, reserved 1048576K
}

Deoptimization events (10 events):
Event: 0.446 Thread 0x000000001a6c4800 Uncommon trap: reason=class_check action=maybe_recompile pc=0x0000000002a3aa40 method=java.util.HashMap.putVal(ILjava/lang/Object;Ljava/lang/Object;ZZ)Ljava/lang/Object; @ 253
Event: 0.448 Thread 0x000000001a6c4800 Uncommon trap: reason=class_check action=maybe_recompile pc=0x0000000002a3aa40 method=java.util.HashMap.putVal(ILjava/lang/Object;Ljava/lang/Object;ZZ)Ljava/lang/Object; @ 253
Event: 0.448 Thread 0x000000001a6c4800 Uncommon trap: reason=class_check action=maybe_recompile pc=0x0000000002a3cf70 method=java.util.HashMap.putVal(ILjava/lang/Object;Ljava/lang/Object;ZZ)Ljava/lang/Object; @ 253
Event: 2.909 Thread 0x000000001a6c4800 Uncommon trap: reason=class_check action=maybe_recompile pc=0x0000000002a82d90 method=java.util.zip.InflaterInputStream.read([BII)I @ 100
Event: 2.909 Thread 0x000000001a6c4800 Uncommon trap: reason=class_check action=maybe_recompile pc=0x0000000002a82d90 method=java.util.zip.InflaterInputStream.read([BII)I @ 100
Event: 2.909 Thread 0x000000001a6c4800 Uncommon trap: reason=class_check action=maybe_recompile pc=0x0000000002a82d90 method=java.util.zip.InflaterInputStream.read([BII)I @ 100
Event: 2.909 Thread 0x000000001a6c4800 Uncommon trap: reason=class_check action=maybe_recompile pc=0x0000000002a82d90 method=java.util.zip.InflaterInputStream.read([BII)I @ 100
Event: 2.931 Thread 0x000000001a6c4800 Uncommon trap: reason=unstable_if action=reinterpret pc=0x0000000002a79c44 method=java.lang.String.indexOf([CII[CIII)I @ 3
Event: 3.228 Thread 0x000000001a6c4800 Uncommon trap: reason=unstable_if action=reinterpret pc=0x0000000002b87190 method=com.sun.imageio.plugins.png.PNGImageWriter.encodePass(Ljavax/imageio/stream/ImageOutputStream;Ljava/awt/image/RenderedImage;IIII)V @ 303
Event: 4.311 Thread 0x000000001a6c4800 Uncommon trap: reason=unstable_if action=reinterpret pc=0x0000000002b4ae5c method=sun.awt.image.ByteInterleavedRaster.getByteData(IIII[B)[B @ 97

Internal exceptions (10 events):
Event: 0.202 Thread 0x000000000263e000 Exception <a 'java/lang/ClassNotFoundException': ToolTip> (0x00000000d6559800) thrown at [C:\re\workspace\8-2-build-windows-amd64-cygwin\jdk8u121\8372\hotspot\src\share\vm\classfile\systemDictionary.cpp, line 210]
Event: 0.203 Thread 0x000000000263e000 Exception <a 'java/lang/ClassNotFoundException': Tree> (0x00000000d655a420) thrown at [C:\re\workspace\8-2-build-windows-amd64-cygwin\jdk8u121\8372\hotspot\src\share\vm\classfile\systemDictionary.cpp, line 210]
Event: 0.203 Thread 0x000000000263e000 Exception <a 'java/lang/ClassNotFoundException': Tree> (0x00000000d655ab60) thrown at [C:\re\workspace\8-2-build-windows-amd64-cygwin\jdk8u121\8372\hotspot\src\share\vm\classfile\systemDictionary.cpp, line 210]
Event: 0.203 Thread 0x000000000263e000 Exception <a 'java/lang/ClassNotFoundException': javax/swing/JTreeCell> (0x00000000d655aee0) thrown at [C:\re\workspace\8-2-build-windows-amd64-cygwin\jdk8u121\8372\hotspot\src\share\vm\classfile\systemDictionary.cpp, line 210]
Event: 0.203 Thread 0x000000000263e000 Exception <a 'java/lang/ClassNotFoundException': TreeCell> (0x00000000d655b368) thrown at [C:\re\workspace\8-2-build-windows-amd64-cygwin\jdk8u121\8372\hotspot\src\share\vm\classfile\systemDictionary.cpp, line 210]
Event: 0.203 Thread 0x000000000263e000 Exception <a 'java/lang/ClassNotFoundException': RootPane> (0x00000000d655bdc8) thrown at [C:\re\workspace\8-2-build-windows-amd64-cygwin\jdk8u121\8372\hotspot\src\share\vm\classfile\systemDictionary.cpp, line 210]
Event: 3.236 Thread 0x000000001a6c4800 Exception <a 'java/net/SocketException': The message is larger than the maximum supported by the underlying transport: Datagram send failed> (0x00000000d7321e30) thrown at [C:\re\workspace\8-2-build-windows-amd64-cygwin\jdk8u121\8372\hotspot\src\share\vm\
Event: 4.444 Thread 0x000000001a6c4800 Exception <a 'java/net/SocketException': The message is larger than the maximum supported by the underlying transport: Datagram send failed> (0x00000000d77e01c8) thrown at [C:\re\workspace\8-2-build-windows-amd64-cygwin\jdk8u121\8372\hotspot\src\share\vm\
Event: 5.589 Thread 0x000000001a6c4800 Exception <a 'java/net/SocketException': The message is larger than the maximum supported by the underlying transport: Datagram send failed> (0x00000000d7c93af8) thrown at [C:\re\workspace\8-2-build-windows-amd64-cygwin\jdk8u121\8372\hotspot\src\share\vm\
Event: 6.739 Thread 0x000000001a6c4800 Exception <a 'java/net/SocketException': The message is larger than the maximum supported by the underlying transport: Datagram send failed> (0x00000000d616a378) thrown at [C:\re\workspace\8-2-build-windows-amd64-cygwin\jdk8u121\8372\hotspot\src\share\vm\

Events (10 events):
Event: 6.738 Executing VM operation: RevokeBias done
Event: 6.738 Executing VM operation: RevokeBias
Event: 6.738 Executing VM operation: RevokeBias done
Event: 6.738 Executing VM operation: RevokeBias
Event: 6.738 Executing VM operation: RevokeBias done
Event: 6.738 Executing VM operation: RevokeBias
Event: 6.738 Executing VM operation: RevokeBias done
Event: 6.740 loading class javax/swing/event/ChangeEvent
Event: 6.740 loading class javax/swing/event/ChangeEvent done
Event: 6.741 Thread 0x000000002297c000 Thread added: 0x000000002297c000


Dynamic libraries:
0x00007ff77b310000 - 0x00007ff77b347000 	C:\Program Files\Java\jdk1.8.0_121\bin\java.exe
0x00007ff8d0be0000 - 0x00007ff8d0dbb000 	C:\WINDOWS\SYSTEM32\ntdll.dll
0x00007ff8ce240000 - 0x00007ff8ce2ee000 	C:\WINDOWS\System32\KERNEL32.DLL
0x00007ff8cdae0000 - 0x00007ff8cdd29000 	C:\WINDOWS\System32\KERNELBASE.dll
0x00007ff8d02e0000 - 0x00007ff8d0381000 	C:\WINDOWS\System32\ADVAPI32.dll
0x00007ff8ceae0000 - 0x00007ff8ceb7d000 	C:\WINDOWS\System32\msvcrt.dll
0x00007ff8ce930000 - 0x00007ff8ce989000 	C:\WINDOWS\System32\sechost.dll
0x00007ff8ced20000 - 0x00007ff8cee45000 	C:\WINDOWS\System32\RPCRT4.dll
0x00007ff8ce990000 - 0x00007ff8ceada000 	C:\WINDOWS\System32\USER32.dll
0x00007ff8cdf70000 - 0x00007ff8cdf8e000 	C:\WINDOWS\System32\win32u.dll
0x00007ff8d02b0000 - 0x00007ff8d02d7000 	C:\WINDOWS\System32\GDI32.dll
0x00007ff8cd950000 - 0x00007ff8cdad7000 	C:\WINDOWS\System32\gdi32full.dll
0x00007ff8cdff0000 - 0x00007ff8ce08a000 	C:\WINDOWS\System32\msvcp_win.dll
0x00007ff8cd100000 - 0x00007ff8cd1f6000 	C:\WINDOWS\System32\ucrtbase.dll
0x00007ff8c78d0000 - 0x00007ff8c7b37000 	C:\WINDOWS\WinSxS\amd64_microsoft.windows.common-controls_6595b64144ccf1df_6.0.15063.483_none_26002d27e7c744a2\COMCTL32.dll
0x00007ff8d08e0000 - 0x00007ff8d0bd9000 	C:\WINDOWS\System32\combase.dll
0x00007ff8cdd30000 - 0x00007ff8cdd9a000 	C:\WINDOWS\System32\bcryptPrimitives.dll
0x00007ff8ce150000 - 0x00007ff8ce17d000 	C:\WINDOWS\System32\IMM32.DLL
0x0000000069a30000 - 0x0000000069b02000 	C:\Program Files\Java\jdk1.8.0_121\jre\bin\msvcr100.dll
0x0000000065a70000 - 0x000000006630b000 	C:\Program Files\Java\jdk1.8.0_121\jre\bin\server\jvm.dll
0x00007ff8ce140000 - 0x00007ff8ce148000 	C:\WINDOWS\System32\PSAPI.DLL
0x00007ff8c9650000 - 0x00007ff8c9659000 	C:\WINDOWS\SYSTEM32\WSOCK32.dll
0x00007ff8ca450000 - 0x00007ff8ca473000 	C:\WINDOWS\SYSTEM32\WINMM.dll
0x00007ff8c8ea0000 - 0x00007ff8c8eaa000 	C:\WINDOWS\SYSTEM32\VERSION.dll
0x00007ff8ce8c0000 - 0x00007ff8ce92c000 	C:\WINDOWS\System32\WS2_32.dll
0x00007ff8ca3f0000 - 0x00007ff8ca41b000 	C:\WINDOWS\SYSTEM32\winmmbase.dll
0x00007ff8cd900000 - 0x00007ff8cd949000 	C:\WINDOWS\System32\cfgmgr32.dll
0x00000000699e0000 - 0x00000000699ef000 	C:\Program Files\Java\jdk1.8.0_121\jre\bin\verify.dll
0x00000000669e0000 - 0x0000000066a09000 	C:\Program Files\Java\jdk1.8.0_121\jre\bin\java.dll
0x0000000065a50000 - 0x0000000065a66000 	C:\Program Files\Java\jdk1.8.0_121\jre\bin\zip.dll
0x00007ff8cee70000 - 0x00007ff8d02a6000 	C:\WINDOWS\System32\SHELL32.dll
0x00007ff8ce300000 - 0x00007ff8ce3aa000 	C:\WINDOWS\System32\shcore.dll
0x00007ff8cd200000 - 0x00007ff8cd8f1000 	C:\WINDOWS\System32\windows.storage.dll
0x00007ff8ce860000 - 0x00007ff8ce8b1000 	C:\WINDOWS\System32\shlwapi.dll
0x00007ff8cd0c0000 - 0x00007ff8cd0d1000 	C:\WINDOWS\System32\kernel.appcore.dll
0x00007ff8cd050000 - 0x00007ff8cd09c000 	C:\WINDOWS\System32\powrprof.dll
0x00007ff8cd0a0000 - 0x00007ff8cd0b5000 	C:\WINDOWS\System32\profapi.dll
0x0000000065870000 - 0x0000000065a08000 	C:\Program Files\Java\jdk1.8.0_121\jre\bin\awt.dll
0x00007ff8ce180000 - 0x00007ff8ce240000 	C:\WINDOWS\System32\OLEAUT32.dll
0x00007ff8cb830000 - 0x00007ff8cb8ae000 	C:\WINDOWS\SYSTEM32\apphelp.dll
0x00007ff8cb950000 - 0x00007ff8cb9e5000 	C:\WINDOWS\system32\uxtheme.dll
0x00007ff8ce3b0000 - 0x00007ff8ce516000 	C:\WINDOWS\System32\MSCTF.dll
0x00007ff8ca2a0000 - 0x00007ff8ca2ca000 	C:\WINDOWS\system32\dwmapi.dll
0x00007ff8ce520000 - 0x00007ff8ce665000 	C:\WINDOWS\System32\ole32.dll
0x00007ff8b4ce0000 - 0x00007ff8b4cf9000 	C:\Program Files (x86)\Smadav\SmadHook64.dll
0x0000000065820000 - 0x0000000065867000 	C:\Program Files\Java\jdk1.8.0_121\jre\bin\fontmanager.dll
0x00007ff8b2b80000 - 0x00007ff8b2ca1000 	C:\WINDOWS\system32\opengl32.dll
0x00007ff8bc2f0000 - 0x00007ff8bc31c000 	C:\WINDOWS\SYSTEM32\GLU32.dll
0x0000000065a30000 - 0x0000000065a4a000 	C:\Program Files\Java\jdk1.8.0_121\jre\bin\net.dll
0x00007ff8cc960000 - 0x00007ff8cc9bc000 	C:\WINDOWS\system32\mswsock.dll
0x0000000065a10000 - 0x0000000065a21000 	C:\Program Files\Java\jdk1.8.0_121\jre\bin\nio.dll
0x00000000657d0000 - 0x0000000065812000 	C:\Program Files\Java\jdk1.8.0_121\jre\bin\t2k.dll
0x00007ff8c97a0000 - 0x00007ff8c9822000 	C:\WINDOWS\System32\TextInputFramework.dll
0x00007ff8cb230000 - 0x00007ff8cb313000 	C:\WINDOWS\System32\CoreMessaging.dll
0x00007ff8c89f0000 - 0x00007ff8c8cc2000 	C:\WINDOWS\System32\CoreUIComponents.dll
0x00007ff8cc260000 - 0x00007ff8cc291000 	C:\WINDOWS\SYSTEM32\ntmarta.dll
0x00007ff8c9940000 - 0x00007ff8c9a79000 	C:\WINDOWS\SYSTEM32\wintypes.dll
0x00007ff8c9cd0000 - 0x00007ff8c9ce5000 	C:\WINDOWS\SYSTEM32\usermgrcli.dll
0x00000000657a0000 - 0x00000000657ca000 	C:\Program Files\Java\jdk1.8.0_121\jre\bin\dcpr.dll
0x0000000063970000 - 0x0000000063a41000 	C:\Users\user\AppData\Local\Temp\javacpp106212781614703\msvcr100.dll
0x00000000638d0000 - 0x0000000063968000 	C:\Users\user\AppData\Local\Temp\javacpp106212781614703\msvcp100.dll
0x000000001c830000 - 0x000000001d6a4000 	C:\Users\user\AppData\Local\Temp\javacpp106212781614703\opencv_ffmpeg248_64.dll
0x00007ff894cd0000 - 0x00007ff894f42000 	C:\Users\user\AppData\Local\Temp\javacpp106212781614703\opencv_core248.dll
0x00007ff8913c0000 - 0x00007ff891672000 	C:\Users\user\AppData\Local\Temp\javacpp106212781614703\opencv_imgproc248.dll
0x00007ff891170000 - 0x00007ff8913bd000 	C:\Users\user\AppData\Local\Temp\javacpp106212781614703\opencv_highgui248.dll
0x00007ff8b1290000 - 0x00007ff8b12af000 	C:\WINDOWS\SYSTEM32\AVIFIL32.dll
0x00007ff8b11c0000 - 0x00007ff8b11d8000 	C:\WINDOWS\SYSTEM32\AVICAP32.dll
0x00007ff8b11e0000 - 0x00007ff8b1209000 	C:\WINDOWS\SYSTEM32\MSVFW32.dll
0x00007ff8c86e0000 - 0x00007ff8c86fc000 	C:\WINDOWS\SYSTEM32\MSACM32.dll
0x00007ff8b06b0000 - 0x00007ff8b06c3000 	C:\Users\user\AppData\Local\Temp\javacpp106212781614703\jniopencv_highgui.dll
0x00007ff8d0390000 - 0x00007ff8d042e000 	C:\WINDOWS\System32\clbcatq.dll
0x00007ff8ae8d0000 - 0x00007ff8ae8e7000 	C:\Windows\System32\devenum.dll
0x00007ff8d0490000 - 0x00007ff8d08cb000 	C:\WINDOWS\System32\setupapi.dll
0x00007ff8cbc70000 - 0x00007ff8cbc98000 	C:\WINDOWS\SYSTEM32\DEVOBJ.dll
0x00007ff8cdf90000 - 0x00007ff8cdfe6000 	C:\WINDOWS\System32\WINTRUST.dll
0x00007ff8cd0e0000 - 0x00007ff8cd0f1000 	C:\WINDOWS\System32\MSASN1.dll
0x00007ff8cdda0000 - 0x00007ff8cdf69000 	C:\WINDOWS\System32\CRYPT32.dll
0x00007ff8c7430000 - 0x00007ff8c743b000 	C:\WINDOWS\SYSTEM32\msdmo.dll
0x00007ff8abc40000 - 0x00007ff8abc72000 	C:\Windows\System32\qcap.dll
0x00007ff894b10000 - 0x00007ff894ccc000 	C:\Windows\System32\quartz.dll
0x00007ff8ccc10000 - 0x00007ff8ccc35000 	C:\Windows\System32\bcrypt.dll
0x00007ff89eca0000 - 0x00007ff89eced000 	C:\Windows\System32\mfksproxy.dll
0x00007ff8bea80000 - 0x00007ff8bea9c000 	C:\Windows\System32\ATL.DLL
0x00007ff89d030000 - 0x00007ff89d062000 	C:\Windows\System32\MFSENSORGROUP.dll
0x00007ff8c2c70000 - 0x00007ff8c2e10000 	C:\Windows\System32\MFPlat.DLL
0x00007ff8c2e10000 - 0x00007ff8c2e42000 	C:\Windows\System32\RTWorkQ.DLL
0x00007ff89cb00000 - 0x00007ff89cb48000 	C:\Windows\System32\ksproxy.ax
0x00007ff8ca530000 - 0x00007ff8ca539000 	C:\Windows\System32\ksuser.dll
0x00007ff897160000 - 0x00007ff8972e9000 	C:\Windows\System32\d3d9.dll
0x00007ff8c4490000 - 0x00007ff8c4507000 	C:\WINDOWS\SYSTEM32\policymanager.dll
0x00007ff8c45e0000 - 0x00007ff8c466f000 	C:\Windows\System32\msvcp110_win.dll
0x00007ff8c9f90000 - 0x00007ff8c9f9c000 	C:\Windows\System32\vidcap.ax
0x00007ff8ac5e0000 - 0x00007ff8ac606000 	C:\Windows\System32\kswdmcap.ax
0x00007ff896060000 - 0x00007ff8961c4000 	C:\Windows\System32\MFC42.dll
0x00007ff898c90000 - 0x00007ff898d2f000 	C:\Windows\System32\qedit.dll
0x00007ff8ce6f0000 - 0x00007ff8ce7f8000 	C:\WINDOWS\System32\COMDLG32.dll
0x00007ff8c7730000 - 0x00007ff8c78c5000 	C:\WINDOWS\WinSxS\amd64_microsoft.windows.gdiplus_6595b64144ccf1df_1.1.15063.608_none_56f0266b425534e9\gdiplus.dll
0x00007ff8ab100000 - 0x00007ff8ab1f6000 	C:\Windows\System32\DDRAW.dll
0x00007ff8c6f50000 - 0x00007ff8c6f58000 	C:\Windows\System32\DCIMAN32.dll
0x00007ff898bf0000 - 0x00007ff898c8a000 	C:\Users\user\AppData\Local\Temp\javacpp106212781614703\jniopencv_core.dll
0x00007ff8ccb10000 - 0x00007ff8ccb27000 	C:\WINDOWS\SYSTEM32\CRYPTSP.dll
0x00007ff8cc580000 - 0x00007ff8cc5b4000 	C:\WINDOWS\system32\rsaenh.dll
0x00007ff8ccf80000 - 0x00007ff8ccfa9000 	C:\WINDOWS\SYSTEM32\USERENV.dll
0x00007ff8ccb00000 - 0x00007ff8ccb0b000 	C:\WINDOWS\SYSTEM32\CRYPTBASE.dll
0x00007ff8cc700000 - 0x00007ff8cc737000 	C:\WINDOWS\SYSTEM32\IPHLPAPI.DLL
0x00007ff8d08d0000 - 0x00007ff8d08d8000 	C:\WINDOWS\System32\NSI.dll
0x00007ff8c8240000 - 0x00007ff8c8256000 	C:\WINDOWS\SYSTEM32\dhcpcsvc6.DLL
0x00007ff8c4670000 - 0x00007ff8c468a000 	C:\WINDOWS\SYSTEM32\dhcpcsvc.DLL
0x00007ff8cc750000 - 0x00007ff8cc7f4000 	C:\WINDOWS\SYSTEM32\DNSAPI.dll
0x00007ff8c0780000 - 0x00007ff8c078a000 	C:\Windows\System32\rasadhlp.dll
0x00007ff8c4900000 - 0x00007ff8c496b000 	C:\WINDOWS\System32\fwpuclnt.dll
0x00007ff8c9430000 - 0x00007ff8c95d9000 	C:\WINDOWS\SYSTEM32\dbghelp.dll

VM Arguments:
jvm_args: -Dfile.encoding=UTF-8 
java_command: webcam.Webcamera
java_class_path (initial): C:\javacv-bin\javacpp.jar;C:\javacv-bin\javacv-android-arm.jar;C:\javacv-bin\javacv-linux-x86.jar;C:\javacv-bin\javacv-linux-x86_64.jar;C:\javacv-bin\javacv-macosx-x86_64.jar;C:\javacv-bin\javacv-windows-x86.jar;C:\javacv-bin\javacv-windows-x86_64.jar;C:\javacv-bin\javacv.jar;C:\javacv-cppjars\ffmpeg-2.1.1-windows-x86.jar;C:\javacv-cppjars\ffmpeg-2.1.1-windows-x86_64.jar;C:\javacv-cppjars\opencv-2.4.8-windows-x86.jar;C:\javacv-cppjars\opencv-2.4.8-windows-x86_64.jar;C:\Users\user\Documents\NetBeansProjects\Webcam\build\classes
Launcher Type: SUN_STANDARD

Environment Variables:
PATH=C:\ProgramData\Oracle\Java\javapath;C:\Program Files (x86)\Intel\iCLS Client\;C:\Program Files\Intel\iCLS Client\;C:\Windows\system32;C:\Windows;C:\Windows\System32\Wbem;C:\Windows\System32\WindowsPowerShell\v1.0\;C:\Program Files (x86)\NVIDIA Corporation\PhysX\Common;C:\Program Files (x86)\Intel\Intel(R) Management Engine Components\DAL;C:\Program Files\Intel\Intel(R) Management Engine Components\DAL;C:\Program Files (x86)\Intel\Intel(R) Management Engine Components\IPT;C:\Program Files\Intel\Intel(R) Management Engine Components\IPT;C:\Program Files\Microsoft SQL Server\110\DTS\Binn\;C:\Program Files (x86)\Microsoft SQL Server\110\Tools\Binn\;C:\Program Files\Microsoft SQL Server\110\Tools\Binn\;C:\Program Files (x86)\Microsoft SQL Server\110\Tools\Binn\ManagementStudio\;C:\Program Files (x86)\Microsoft Visual Studio 10.0\Common7\IDE\PrivateAssemblies\;C:\Program Files (x86)\Microsoft SQL Server\110\DTS\Binn\;C:\WINDOWS\system32\config\systemprofile\.dnx\bin;C:\Program Files\Microsoft DNX\Dnvm\;C:\Program Files\Microsoft SQL Server\130\Tools\Binn\;C:\Program Files (x86)\GtkSharp\2.12\bin;C:\Program Files\PuTTY\;C:\Program Files (x86)\QuickTime\QTSystem\;C:\WINDOWS\system32;C:\WINDOWS;C:\WINDOWS\System32\Wbem;C:\WINDOWS\System32\WindowsPowerShell\v1.0\;C:\Program Files\Java\jdk1.8.0_121\bin;C:\opencv\build\x64\vc14\bin;C:\Users\user\AppData\Local\Microsoft\WindowsApps;D:\NMAP
USERNAME=user
OS=Windows_NT
PROCESSOR_IDENTIFIER=Intel64 Family 6 Model 94 Stepping 3, GenuineIntel



---------------  S Y S T E M  ---------------

OS: Windows 10.0 , 64 bit Build 15063 (10.0.15063.296)

CPU:total 8 (4 cores per cpu, 2 threads per core) family 6 model 94 stepping 3, cmov, cx8, fxsr, mmx, sse, sse2, sse3, ssse3, sse4.1, sse4.2, popcnt, avx, avx2, aes, clmul, erms, rtm, 3dnowpref, lzcnt, ht, tsc, tscinvbit, bmi1, bmi2, adx

Memory: 4k page, physical 8247572k(3459124k free), swap 9817824k(2959240k free)

vm_info: Java HotSpot(TM) 64-Bit Server VM (25.121-b13) for windows-amd64 JRE (1.8.0_121-b13), built on Dec 12 2016 18:21:36 by "java_re" with MS VC++ 10.0 (VS2010)

time: Sun Nov 19 20:06:26 2017
elapsed time: 6 seconds (0d 0h 0m 6s)

