#
# A fatal error has been detected by the Java Runtime Environment:
#
#  EXCEPTION_ACCESS_VIOLATION (0xc0000005) at pc=0x00007ffb57d03fb8, pid=13868, tid=0x0000000000001e20
#
# JRE version: Java(TM) SE Runtime Environment (8.0_121-b13) (build 1.8.0_121-b13)
# Java VM: Java HotSpot(TM) 64-Bit Server VM (25.121-b13 mixed mode windows-amd64 compressed oops)
# Problematic frame:
# C  [KERNELBASE.dll+0x13fb8]
#
# Failed to write core dump. Minidumps are not enabled by default on client versions of Windows
#
# If you would like to submit a bug report, please visit:
#   http://bugreport.java.com/bugreport/crash.jsp
# The crash happened outside the Java Virtual Machine in native code.
# See problematic frame for where to report the bug.
#

---------------  T H R E A D  ---------------

Current thread (0x000000001d244800):  JavaThread "Thread-4" [_thread_in_native, id=7712, stack(0x0000000025170000,0x0000000025270000)]

siginfo: ExceptionCode=0xc0000005, reading address 0x0000000000000000

Registers:
RAX=0x0000000000001e20, RBX=0x000000002526eac0, RCX=0x0000000000001e20, RDX=0x0000000000000170
RSP=0x000000002526cd10, RBP=0x000000002526d3b0, RSI=0x000000002526efb0, RDI=0x000000002526db10
R8 =0x0000000000000000, R9 =0x000000002526c950, R10=0x0000000001137000, R11=0x0000000000000000
R12=0x000000002526e168, R13=0x0000000000000000, R14=0x000000002526ce60, R15=0x00007ffb1c7e4c20
RIP=0x00007ffb57d03fb8, EFLAGS=0x0000000000000206

Top of Stack: (sp=0x000000002526cd10)
0x000000002526cd10:   0000000000000000 000000002526eac0
0x000000002526cd20:   000000002526efb0 000000002526db10
0x000000002526cd30:   00000000c0000005 0000000000000000
0x000000002526cd40:   00007ffb57d03fb8 0000000000000002
0x000000002526cd50:   0000000000000000 0000000000000000
0x000000002526cd60:   0000000019930520 0000000000000000
0x000000002526cd70:   0000fa6e7bbb08eb 0000000000000000
0x000000002526cd80:   000000002526f450 000000005c4520da
0x000000002526cd90:   0000000000000000 000000002526eac0
0x000000002526cda0:   000000002526db10 00007ffb587ab6c4
0x000000002526cdb0:   000000002526db10 000000005c4520fb
0x000000002526cdc0:   000000002526eac0 000000002526f450
0x000000002526cdd0:   000071463ab66d86 0000000000000000
0x000000002526cde0:   000000002526eac0 000000005c4904d6
0x000000002526cdf0:   00007ffb1c7e4c20 000000002526e168
0x000000002526ce00:   0000000000000100 00007ffb57d4aa25 

Instructions: (pc=0x00007ffb57d03fb8)
0x00007ffb57d03f98:   49 8b d1 44 0f 47 c0 44 89 44 24 38 49 c1 e0 03
0x00007ffb57d03fa8:   e8 ba 16 07 00 48 8d 4c 24 20 ff 15 38 4b 16 00
0x00007ffb57d03fb8:   48 8b 8c 24 c0 00 00 00 48 33 cc e8 98 e6 06 00
0x00007ffb57d03fc8:   48 81 c4 d8 00 00 00 c3 83 64 24 38 00 eb d6 cc 


Register to memory mapping:

RAX=0x0000000000001e20 is an unknown value
RBX=0x000000002526eac0 is pointing into the stack for thread: 0x000000001d244800
RCX=0x0000000000001e20 is an unknown value
RDX=0x0000000000000170 is an unknown value
RSP=0x000000002526cd10 is pointing into the stack for thread: 0x000000001d244800
RBP=0x000000002526d3b0 is pointing into the stack for thread: 0x000000001d244800
RSI=0x000000002526efb0 is pointing into the stack for thread: 0x000000001d244800
RDI=0x000000002526db10 is pointing into the stack for thread: 0x000000001d244800
R8 =0x0000000000000000 is an unknown value
R9 =0x000000002526c950 is pointing into the stack for thread: 0x000000001d244800
R10=0x0000000001137000 is an unknown value
R11=0x0000000000000000 is an unknown value
R12=0x000000002526e168 is pointing into the stack for thread: 0x000000001d244800
R13=0x0000000000000000 is an unknown value
R14=0x000000002526ce60 is pointing into the stack for thread: 0x000000001d244800
R15=0x00007ffb1c7e4c20 is an unknown value


Stack: [0x0000000025170000,0x0000000025270000],  sp=0x000000002526cd10,  free space=1011k
Native frames: (J=compiled Java code, j=interpreted, Vv=VM code, C=native code)
C  [KERNELBASE.dll+0x13fb8]
C  [msvcr100.dll+0x604d6]
C  [ntdll.dll+0xa41c3]
C  [opencv_highgui248.dll+0x16ea9]
C  [opencv_highgui248.dll+0x12ef]
C  [jniopencv_highgui.dll+0x69a0]
C  0x0000000005257f74

Java frames: (J=compiled Java code, j=interpreted, Vv=VM code)
j  com.googlecode.javacv.cpp.opencv_highgui.cvCreateCameraCapture(I)Lcom/googlecode/javacv/cpp/opencv_highgui$CvCapture;+0
j  webcam.Webcamera$4.run()V+1
v  ~StubRoutines::call_stub

---------------  P R O C E S S  ---------------

Java Threads: ( => current thread )
=>0x000000001d244800 JavaThread "Thread-4" [_thread_in_native, id=7712, stack(0x0000000025170000,0x0000000025270000)]
  0x000000001d0d4000 JavaThread "TimerQueue" daemon [_thread_blocked, id=9080, stack(0x000000001e7d0000,0x000000001e8d0000)]
  0x000000000381e000 JavaThread "DestroyJavaVM" [_thread_blocked, id=2348, stack(0x0000000005040000,0x0000000005140000)]
  0x000000001d087800 JavaThread "AWT-EventQueue-0" [_thread_in_native, id=2060, stack(0x000000001e090000,0x000000001e190000)]
  0x000000001d028800 JavaThread "AWT-Windows" daemon [_thread_in_native, id=9308, stack(0x000000001d970000,0x000000001da70000)]
  0x000000001d026000 JavaThread "AWT-Shutdown" [_thread_blocked, id=4748, stack(0x000000001d870000,0x000000001d970000)]
  0x000000001d025800 JavaThread "Java2D Disposer" daemon [_thread_blocked, id=6864, stack(0x000000001d770000,0x000000001d870000)]
  0x000000001c0ef000 JavaThread "Service Thread" daemon [_thread_blocked, id=12144, stack(0x000000001cc30000,0x000000001cd30000)]
  0x000000001c067000 JavaThread "C1 CompilerThread3" daemon [_thread_blocked, id=11892, stack(0x000000001cb30000,0x000000001cc30000)]
  0x000000001c063000 JavaThread "C2 CompilerThread2" daemon [_thread_blocked, id=8860, stack(0x000000001ca30000,0x000000001cb30000)]
  0x000000001c05c800 JavaThread "C2 CompilerThread1" daemon [_thread_blocked, id=10828, stack(0x000000001c930000,0x000000001ca30000)]
  0x000000001c059800 JavaThread "C2 CompilerThread0" daemon [_thread_blocked, id=3368, stack(0x000000001c830000,0x000000001c930000)]
  0x000000001c057000 JavaThread "Attach Listener" daemon [_thread_blocked, id=13372, stack(0x000000001c730000,0x000000001c830000)]
  0x000000001c054000 JavaThread "Signal Dispatcher" daemon [_thread_blocked, id=13760, stack(0x000000001c630000,0x000000001c730000)]
  0x0000000005239800 JavaThread "Finalizer" daemon [_thread_blocked, id=12028, stack(0x000000001c430000,0x000000001c530000)]
  0x0000000005236000 JavaThread "Reference Handler" daemon [_thread_blocked, id=7984, stack(0x000000001bf30000,0x000000001c030000)]

Other Threads:
  0x000000001a159800 VMThread [stack: 0x000000001be30000,0x000000001bf30000] [id=10040]
  0x000000001c134800 WatcherThread [stack: 0x000000001cd30000,0x000000001ce30000] [id=4992]

VM state:not at safepoint (normal execution)

VM Mutex/Monitor currently owned by a thread: None

Heap:
 PSYoungGen      total 37888K, used 17199K [0x00000000d6100000, 0x00000000d8b00000, 0x0000000100000000)
  eden space 32768K, 52% used [0x00000000d6100000,0x00000000d71cbfc8,0x00000000d8100000)
  from space 5120K, 0% used [0x00000000d8600000,0x00000000d8600000,0x00000000d8b00000)
  to   space 5120K, 0% used [0x00000000d8100000,0x00000000d8100000,0x00000000d8600000)
 ParOldGen       total 86016K, used 0K [0x0000000082200000, 0x0000000087600000, 0x00000000d6100000)
  object space 86016K, 0% used [0x0000000082200000,0x0000000082200000,0x0000000087600000)
 Metaspace       used 13639K, capacity 13838K, committed 14080K, reserved 1060864K
  class space    used 1719K, capacity 1790K, committed 1792K, reserved 1048576K

Card table byte_map: [0x0000000014600000,0x00000000149f0000] byte_map_base: 0x00000000141ef000

Marking Bits: (ParMarkBitMap*) 0x000000005cd2b6d0
 Begin Bits: [0x0000000015490000, 0x0000000017408000)
 End Bits:   [0x0000000017408000, 0x0000000019380000)

Polling page: 0x00000000037e0000

CodeCache: size=245760Kb used=3072Kb max_used=3072Kb free=242687Kb
 bounds [0x0000000005240000, 0x0000000005550000, 0x0000000014240000]
 total_blobs=1381 nmethods=841 adapters=453
 compilation: enabled

Compilation events (10 events):
Event: 13.646 Thread 0x000000001c067000  838       3       java.awt.Component::isLightweight (8 bytes)
Event: 13.646 Thread 0x000000001c067000 nmethod 838 0x000000000553f810 code [0x000000000553f980, 0x000000000553fc70]
Event: 13.666 Thread 0x000000001c067000  839       3       java.awt.Container::findComponentAtImpl (161 bytes)
Event: 13.667 Thread 0x000000001c067000 nmethod 839 0x000000000553fd10 code [0x000000000553ff20, 0x0000000005540c28]
Event: 13.671 Thread 0x000000001c067000  841       3       java.awt.event.MouseEvent::getModifiersEx (29 bytes)
Event: 13.671 Thread 0x000000001c067000 nmethod 841 0x0000000005541010 code [0x0000000005541180, 0x00000000055413e8]
Event: 13.671 Thread 0x000000001c067000  840       1       java.awt.EventQueue::access$400 (5 bytes)
Event: 13.671 Thread 0x000000001c067000 nmethod 840 0x0000000005541490 code [0x00000000055415e0, 0x00000000055416d0]
Event: 13.672 Thread 0x000000001c067000  842   !   3       java.lang.ref.Finalizer::add (41 bytes)
Event: 13.673 Thread 0x000000001c067000 nmethod 842 0x0000000005541750 code [0x00000000055418c0, 0x0000000005541c70]

GC Heap History (0 events):
No events

Deoptimization events (9 events):
Event: 0.296 Thread 0x000000001d087800 Uncommon trap: reason=bimorphic action=maybe_recompile pc=0x00000000054111ac method=java.util.HashMap.putVal(ILjava/lang/Object;Ljava/lang/Object;ZZ)Ljava/lang/Object; @ 152
Event: 0.501 Thread 0x000000001d087800 Uncommon trap: reason=bimorphic action=maybe_recompile pc=0x00000000054111ac method=java.util.HashMap.putVal(ILjava/lang/Object;Ljava/lang/Object;ZZ)Ljava/lang/Object; @ 152
Event: 0.501 Thread 0x000000001d087800 Uncommon trap: reason=bimorphic action=maybe_recompile pc=0x00000000054111ac method=java.util.HashMap.putVal(ILjava/lang/Object;Ljava/lang/Object;ZZ)Ljava/lang/Object; @ 152
Event: 0.501 Thread 0x000000001d087800 Uncommon trap: reason=bimorphic action=maybe_recompile pc=0x00000000054111ac method=java.util.HashMap.putVal(ILjava/lang/Object;Ljava/lang/Object;ZZ)Ljava/lang/Object; @ 152
Event: 0.533 Thread 0x000000001d087800 Uncommon trap: reason=class_check action=maybe_recompile pc=0x00000000054364f0 method=java.util.HashMap.putVal(ILjava/lang/Object;Ljava/lang/Object;ZZ)Ljava/lang/Object; @ 253
Event: 0.533 Thread 0x000000001d087800 Uncommon trap: reason=class_check action=maybe_recompile pc=0x00000000054364f0 method=java.util.HashMap.putVal(ILjava/lang/Object;Ljava/lang/Object;ZZ)Ljava/lang/Object; @ 253
Event: 0.533 Thread 0x000000001d087800 Uncommon trap: reason=class_check action=maybe_recompile pc=0x00000000054364f0 method=java.util.HashMap.putVal(ILjava/lang/Object;Ljava/lang/Object;ZZ)Ljava/lang/Object; @ 253
Event: 0.538 Thread 0x000000001d087800 Uncommon trap: reason=class_check action=maybe_recompile pc=0x00000000054364f0 method=java.util.HashMap.putVal(ILjava/lang/Object;Ljava/lang/Object;ZZ)Ljava/lang/Object; @ 253
Event: 13.369 Thread 0x000000001d087800 Uncommon trap: reason=unstable_if action=reinterpret pc=0x000000000544bac0 method=java.lang.String.indexOf([CII[CIII)I @ 3

Internal exceptions (10 events):
Event: 0.230 Thread 0x000000000381e000 Exception <a 'java/lang/ClassNotFoundException': ToolBar> (0x00000000d6558de0) thrown at [C:\re\workspace\8-2-build-windows-amd64-cygwin\jdk8u121\8372\hotspot\src\share\vm\classfile\systemDictionary.cpp, line 210]
Event: 0.230 Thread 0x000000000381e000 Exception <a 'java/lang/ClassNotFoundException': ToggleButton> (0x00000000d6559390) thrown at [C:\re\workspace\8-2-build-windows-amd64-cygwin\jdk8u121\8372\hotspot\src\share\vm\classfile\systemDictionary.cpp, line 210]
Event: 0.230 Thread 0x000000000381e000 Exception <a 'java/lang/ClassNotFoundException': javax/swing/JToolBarSeparator> (0x00000000d65597f0) thrown at [C:\re\workspace\8-2-build-windows-amd64-cygwin\jdk8u121\8372\hotspot\src\share\vm\classfile\systemDictionary.cpp, line 210]
Event: 0.230 Thread 0x000000000381e000 Exception <a 'java/lang/ClassNotFoundException': ToolBarSeparator> (0x00000000d6559c88) thrown at [C:\re\workspace\8-2-build-windows-amd64-cygwin\jdk8u121\8372\hotspot\src\share\vm\classfile\systemDictionary.cpp, line 210]
Event: 0.230 Thread 0x000000000381e000 Exception <a 'java/lang/ClassNotFoundException': ToolTip> (0x00000000d655a3c8) thrown at [C:\re\workspace\8-2-build-windows-amd64-cygwin\jdk8u121\8372\hotspot\src\share\vm\classfile\systemDictionary.cpp, line 210]
Event: 0.231 Thread 0x000000000381e000 Exception <a 'java/lang/ClassNotFoundException': Tree> (0x00000000d655afe8) thrown at [C:\re\workspace\8-2-build-windows-amd64-cygwin\jdk8u121\8372\hotspot\src\share\vm\classfile\systemDictionary.cpp, line 210]
Event: 0.231 Thread 0x000000000381e000 Exception <a 'java/lang/ClassNotFoundException': Tree> (0x00000000d655b728) thrown at [C:\re\workspace\8-2-build-windows-amd64-cygwin\jdk8u121\8372\hotspot\src\share\vm\classfile\systemDictionary.cpp, line 210]
Event: 0.231 Thread 0x000000000381e000 Exception <a 'java/lang/ClassNotFoundException': javax/swing/JTreeCell> (0x00000000d655baa8) thrown at [C:\re\workspace\8-2-build-windows-amd64-cygwin\jdk8u121\8372\hotspot\src\share\vm\classfile\systemDictionary.cpp, line 210]
Event: 0.231 Thread 0x000000000381e000 Exception <a 'java/lang/ClassNotFoundException': TreeCell> (0x00000000d655bf30) thrown at [C:\re\workspace\8-2-build-windows-amd64-cygwin\jdk8u121\8372\hotspot\src\share\vm\classfile\systemDictionary.cpp, line 210]
Event: 0.232 Thread 0x000000000381e000 Exception <a 'java/lang/ClassNotFoundException': RootPane> (0x00000000d655c990) thrown at [C:\re\workspace\8-2-build-windows-amd64-cygwin\jdk8u121\8372\hotspot\src\share\vm\classfile\systemDictionary.cpp, line 210]

Events (10 events):
Event: 13.614 loading class sun/awt/AWTAccessor$ClientPropertyKeyAccessor
Event: 13.614 loading class sun/awt/AWTAccessor$ClientPropertyKeyAccessor done
Event: 13.614 loading class javax/swing/ClientPropertyKey$1 done
Event: 13.615 Thread 0x000000001d244800 Thread added: 0x000000001d244800
Event: 13.615 loading class java/awt/LightweightDispatcher$2
Event: 13.615 loading class java/awt/LightweightDispatcher$2 done
Event: 13.617 loading class javax/swing/RepaintManager$3
Event: 13.617 loading class javax/swing/RepaintManager$3 done
Event: 13.620 loading class sun/awt/image/BufImgSurfaceManager
Event: 13.620 loading class sun/awt/image/BufImgSurfaceManager done


Dynamic libraries:
0x00007ff7504c0000 - 0x00007ff7504f7000 	C:\Program Files\Java\jdk1.8.0_121\bin\java.exe
0x00007ffb5b100000 - 0x00007ffb5b2e0000 	C:\WINDOWS\SYSTEM32\ntdll.dll
0x00007ffb5ae40000 - 0x00007ffb5aeee000 	C:\WINDOWS\System32\KERNEL32.DLL
0x00007ffb57cf0000 - 0x00007ffb57f56000 	C:\WINDOWS\System32\KERNELBASE.dll
0x00007ffb596e0000 - 0x00007ffb59781000 	C:\WINDOWS\System32\ADVAPI32.dll
0x00007ffb585e0000 - 0x00007ffb5867d000 	C:\WINDOWS\System32\msvcrt.dll
0x00007ffb58c50000 - 0x00007ffb58cab000 	C:\WINDOWS\System32\sechost.dll
0x00007ffb58e50000 - 0x00007ffb58f6f000 	C:\WINDOWS\System32\RPCRT4.dll
0x00007ffb5af20000 - 0x00007ffb5b0af000 	C:\WINDOWS\System32\USER32.dll
0x00007ffb57500000 - 0x00007ffb57520000 	C:\WINDOWS\System32\win32u.dll
0x00007ffb5aef0000 - 0x00007ffb5af18000 	C:\WINDOWS\System32\GDI32.dll
0x00007ffb583e0000 - 0x00007ffb58574000 	C:\WINDOWS\System32\gdi32full.dll
0x00007ffb58340000 - 0x00007ffb583db000 	C:\WINDOWS\System32\msvcp_win.dll
0x00007ffb58240000 - 0x00007ffb58336000 	C:\WINDOWS\System32\ucrtbase.dll
0x00007ffb53410000 - 0x00007ffb53679000 	C:\WINDOWS\WinSxS\amd64_microsoft.windows.common-controls_6595b64144ccf1df_6.0.16299.64_none_cc9304e22215ca8f\COMCTL32.dll
0x00007ffb58790000 - 0x00007ffb58a98000 	C:\WINDOWS\System32\combase.dll
0x00007ffb57c70000 - 0x00007ffb57ce2000 	C:\WINDOWS\System32\bcryptPrimitives.dll
0x00007ffb59930000 - 0x00007ffb5995d000 	C:\WINDOWS\System32\IMM32.DLL
0x000000005c430000 - 0x000000005c502000 	C:\Program Files\Java\jdk1.8.0_121\jre\bin\msvcr100.dll
0x000000005c510000 - 0x000000005cdab000 	C:\Program Files\Java\jdk1.8.0_121\jre\bin\server\jvm.dll
0x00007ffb585d0000 - 0x00007ffb585d8000 	C:\WINDOWS\System32\PSAPI.DLL
0x00007ffb56110000 - 0x00007ffb56119000 	C:\WINDOWS\SYSTEM32\WSOCK32.dll
0x00007ffb4e820000 - 0x00007ffb4e82a000 	C:\WINDOWS\SYSTEM32\VERSION.dll
0x00007ffb4a180000 - 0x00007ffb4a1a3000 	C:\WINDOWS\SYSTEM32\WINMM.dll
0x00007ffb598c0000 - 0x00007ffb5992c000 	C:\WINDOWS\System32\WS2_32.dll
0x00007ffb49ba0000 - 0x00007ffb49bca000 	C:\WINDOWS\SYSTEM32\winmmbase.dll
0x00007ffb58580000 - 0x00007ffb585ca000 	C:\WINDOWS\System32\cfgmgr32.dll
0x000000005e220000 - 0x000000005e22f000 	C:\Program Files\Java\jdk1.8.0_121\jre\bin\verify.dll
0x000000005c3c0000 - 0x000000005c3e9000 	C:\Program Files\Java\jdk1.8.0_121\jre\bin\java.dll
0x000000005c3a0000 - 0x000000005c3b6000 	C:\Program Files\Java\jdk1.8.0_121\jre\bin\zip.dll
0x00007ffb59a00000 - 0x00007ffb5ae37000 	C:\WINDOWS\System32\SHELL32.dll
0x00007ffb58f80000 - 0x00007ffb59026000 	C:\WINDOWS\System32\shcore.dll
0x00007ffb57520000 - 0x00007ffb57c67000 	C:\WINDOWS\System32\windows.storage.dll
0x00007ffb59600000 - 0x00007ffb59651000 	C:\WINDOWS\System32\shlwapi.dll
0x00007ffb574e0000 - 0x00007ffb574f1000 	C:\WINDOWS\System32\kernel.appcore.dll
0x00007ffb57470000 - 0x00007ffb574bc000 	C:\WINDOWS\System32\powrprof.dll
0x00007ffb57450000 - 0x00007ffb5746b000 	C:\WINDOWS\System32\profapi.dll
0x000000005c1c0000 - 0x000000005c358000 	C:\Program Files\Java\jdk1.8.0_121\jre\bin\awt.dll
0x00007ffb59790000 - 0x00007ffb59855000 	C:\WINDOWS\System32\OLEAUT32.dll
0x00007ffb55820000 - 0x00007ffb558a7000 	C:\WINDOWS\SYSTEM32\apphelp.dll
0x00007ffb55b50000 - 0x00007ffb55be5000 	C:\WINDOWS\system32\uxtheme.dll
0x00007ffb59490000 - 0x00007ffb595f7000 	C:\WINDOWS\System32\MSCTF.dll
0x00007ffb55c10000 - 0x00007ffb55c3a000 	C:\WINDOWS\system32\dwmapi.dll
0x00007ffb58b00000 - 0x00007ffb58c49000 	C:\WINDOWS\System32\ole32.dll
0x00007ffb498f0000 - 0x00007ffb49909000 	C:\Program Files (x86)\Smadav\SmadHook64.dll
0x000000005c170000 - 0x000000005c1b7000 	C:\Program Files\Java\jdk1.8.0_121\jre\bin\fontmanager.dll
0x00007ffb39600000 - 0x00007ffb3971e000 	C:\WINDOWS\system32\opengl32.dll
0x00007ffb4e380000 - 0x00007ffb4e3ac000 	C:\WINDOWS\SYSTEM32\GLU32.dll
0x000000005c380000 - 0x000000005c39a000 	C:\Program Files\Java\jdk1.8.0_121\jre\bin\net.dll
0x00007ffb56c80000 - 0x00007ffb56ce6000 	C:\WINDOWS\system32\mswsock.dll
0x000000005c360000 - 0x000000005c371000 	C:\Program Files\Java\jdk1.8.0_121\jre\bin\nio.dll
0x000000005c120000 - 0x000000005c162000 	C:\Program Files\Java\jdk1.8.0_121\jre\bin\t2k.dll
0x00007ffb503a0000 - 0x00007ffb50438000 	C:\WINDOWS\System32\TextInputFramework.dll
0x00007ffb52e40000 - 0x00007ffb5312e000 	C:\WINDOWS\System32\CoreUIComponents.dll
0x00007ffb54ae0000 - 0x00007ffb54bbd000 	C:\WINDOWS\System32\CoreMessaging.dll
0x00007ffb56640000 - 0x00007ffb56671000 	C:\WINDOWS\SYSTEM32\ntmarta.dll
0x00007ffb52d00000 - 0x00007ffb52e36000 	C:\WINDOWS\SYSTEM32\wintypes.dll
0x000000005c0f0000 - 0x000000005c11a000 	C:\Program Files\Java\jdk1.8.0_121\jre\bin\dcpr.dll
0x0000000059840000 - 0x0000000059911000 	C:\Users\user\AppData\Local\Temp\javacpp49033399893175\msvcr100.dll
0x00000000597a0000 - 0x0000000059838000 	C:\Users\user\AppData\Local\Temp\javacpp49033399893175\msvcp100.dll
0x0000000066840000 - 0x00000000676b4000 	C:\Users\user\AppData\Local\Temp\javacpp49033399893175\opencv_ffmpeg248_64.dll
0x00007ffb1de20000 - 0x00007ffb1e092000 	C:\Users\user\AppData\Local\Temp\javacpp49033399893175\opencv_core248.dll
0x00007ffb1c920000 - 0x00007ffb1cbd2000 	C:\Users\user\AppData\Local\Temp\javacpp49033399893175\opencv_imgproc248.dll
0x00007ffb1c6d0000 - 0x00007ffb1c91d000 	C:\Users\user\AppData\Local\Temp\javacpp49033399893175\opencv_highgui248.dll
0x00007ffb35eb0000 - 0x00007ffb35ed9000 	C:\WINDOWS\SYSTEM32\MSVFW32.dll
0x00007ffb35940000 - 0x00007ffb3595f000 	C:\WINDOWS\SYSTEM32\AVIFIL32.dll
0x00007ffb4f320000 - 0x00007ffb4f33c000 	C:\WINDOWS\SYSTEM32\MSACM32.dll
0x00007ffb35170000 - 0x00007ffb35188000 	C:\WINDOWS\SYSTEM32\AVICAP32.dll
0x00007ffb34360000 - 0x00007ffb34373000 	C:\Users\user\AppData\Local\Temp\javacpp49033399893175\jniopencv_highgui.dll
0x00007ffb59960000 - 0x00007ffb599fe000 	C:\WINDOWS\System32\clbcatq.dll
0x00007ffb33f60000 - 0x00007ffb33f78000 	C:\Windows\System32\devenum.dll
0x00007ffb59040000 - 0x00007ffb5948e000 	C:\WINDOWS\System32\setupapi.dll
0x00007ffb57200000 - 0x00007ffb57227000 	C:\WINDOWS\SYSTEM32\DEVOBJ.dll
0x00007ffb58130000 - 0x00007ffb58188000 	C:\WINDOWS\System32\WINTRUST.dll
0x00007ffb574c0000 - 0x00007ffb574d2000 	C:\WINDOWS\System32\MSASN1.dll
0x00007ffb57f60000 - 0x00007ffb5812e000 	C:\WINDOWS\System32\CRYPT32.dll
0x00007ffb4ff50000 - 0x00007ffb4ff5a000 	C:\WINDOWS\SYSTEM32\msdmo.dll
0x00007ffb33f20000 - 0x00007ffb33f53000 	C:\Windows\System32\qcap.dll
0x00007ffb29360000 - 0x00007ffb2951c000 	C:\Windows\System32\quartz.dll
0x00007ffb56f50000 - 0x00007ffb56f75000 	C:\Windows\System32\bcrypt.dll
0x00007ffb2e560000 - 0x00007ffb2e5ae000 	C:\Windows\System32\mfksproxy.dll
0x00007ffb49ac0000 - 0x00007ffb49add000 	C:\Windows\System32\ATL.DLL
0x00007ffb50030000 - 0x00007ffb50066000 	C:\Windows\System32\MFSENSORGROUP.dll
0x00007ffb3bc30000 - 0x00007ffb3bde1000 	C:\Windows\System32\MFPlat.DLL
0x00007ffb4ef70000 - 0x00007ffb4efa2000 	C:\Windows\System32\RTWorkQ.DLL
0x00007ffb2e360000 - 0x00007ffb2e3a9000 	C:\Windows\System32\ksproxy.ax
0x00007ffb50250000 - 0x00007ffb50259000 	C:\Windows\System32\ksuser.dll
0x00007ffb2a860000 - 0x00007ffb2a9f5000 	C:\Windows\System32\d3d9.dll
0x00007ffb4a790000 - 0x00007ffb4a80b000 	C:\WINDOWS\SYSTEM32\policymanager.dll
0x00007ffb4cac0000 - 0x00007ffb4cb50000 	C:\Windows\System32\msvcp110_win.dll
0x00007ffb558d0000 - 0x00007ffb558dc000 	C:\Windows\System32\vidcap.ax
0x00007ffb33ef0000 - 0x00007ffb33f16000 	C:\Windows\System32\kswdmcap.ax
0x00007ffb1d610000 - 0x00007ffb1d775000 	C:\Windows\System32\MFC42.dll
0x00007ffb2e2c0000 - 0x00007ffb2e360000 	C:\Windows\System32\qedit.dll
0x00007ffb58680000 - 0x00007ffb5878a000 	C:\WINDOWS\System32\COMDLG32.dll
0x00007ffb52270000 - 0x00007ffb5240c000 	C:\WINDOWS\WinSxS\amd64_microsoft.windows.gdiplus_6595b64144ccf1df_1.1.16299.64_none_4c5a740035ade6b7\gdiplus.dll
0x00007ffb35c70000 - 0x00007ffb35d66000 	C:\Windows\System32\DDRAW.dll
0x00007ffb4e340000 - 0x00007ffb4e348000 	C:\Windows\System32\DCIMAN32.dll
0x00007ffb562c0000 - 0x00007ffb5636f000 	C:\Windows\System32\dxgi.dll
0x00007ffb24570000 - 0x00007ffb2460a000 	C:\Users\user\AppData\Local\Temp\javacpp49033399893175\jniopencv_core.dll
0x0000000059760000 - 0x0000000059791000 	C:\Program Files\Java\jdk1.8.0_121\jre\bin\jpeg.dll
0x00007ffb56e40000 - 0x00007ffb56e57000 	C:\WINDOWS\SYSTEM32\CRYPTSP.dll
0x00007ffb56890000 - 0x00007ffb568c3000 	C:\WINDOWS\system32\rsaenh.dll
0x00007ffb57380000 - 0x00007ffb573a9000 	C:\WINDOWS\SYSTEM32\USERENV.dll
0x00007ffb56e60000 - 0x00007ffb56e6b000 	C:\WINDOWS\SYSTEM32\CRYPTBASE.dll
0x00007ffb56a10000 - 0x00007ffb56a49000 	C:\WINDOWS\SYSTEM32\IPHLPAPI.DLL
0x00007ffb59030000 - 0x00007ffb59038000 	C:\WINDOWS\System32\NSI.dll
0x00007ffb4d850000 - 0x00007ffb4d866000 	C:\WINDOWS\SYSTEM32\dhcpcsvc6.DLL
0x00007ffb4d770000 - 0x00007ffb4d78a000 	C:\WINDOWS\SYSTEM32\dhcpcsvc.DLL
0x00007ffb4f5c0000 - 0x00007ffb4f5cc000 	C:\WINDOWS\SYSTEM32\msyuv.dll
0x00007ffb55df0000 - 0x00007ffb55fb8000 	C:\WINDOWS\SYSTEM32\dbghelp.dll

VM Arguments:
jvm_args: -Dfile.encoding=UTF-8 
java_command: webcam.Webcamera
java_class_path (initial): C:\javacv-bin\javacpp.jar;C:\javacv-bin\javacv-android-arm.jar;C:\javacv-bin\javacv-linux-x86.jar;C:\javacv-bin\javacv-linux-x86_64.jar;C:\javacv-bin\javacv-macosx-x86_64.jar;C:\javacv-bin\javacv-windows-x86.jar;C:\javacv-bin\javacv-windows-x86_64.jar;C:\javacv-bin\javacv.jar;C:\javacv-cppjars\ffmpeg-2.1.1-windows-x86.jar;C:\javacv-cppjars\ffmpeg-2.1.1-windows-x86_64.jar;C:\javacv-cppjars\opencv-2.4.8-windows-x86.jar;C:\javacv-cppjars\opencv-2.4.8-windows-x86_64.jar;C:\Users\user\Documents\NetBeansProjects\Webcam\build\classes
Launcher Type: SUN_STANDARD

Environment Variables:
PATH=C:\ProgramData\Oracle\Java\javapath;C:\Program Files (x86)\Intel\iCLS Client\;C:\Program Files\Intel\iCLS Client\;C:\Windows\system32;C:\Windows;C:\Windows\System32\Wbem;C:\Windows\System32\WindowsPowerShell\v1.0\;C:\Program Files (x86)\NVIDIA Corporation\PhysX\Common;C:\Program Files (x86)\Intel\Intel(R) Management Engine Components\DAL;C:\Program Files\Intel\Intel(R) Management Engine Components\DAL;C:\Program Files (x86)\Intel\Intel(R) Management Engine Components\IPT;C:\Program Files\Intel\Intel(R) Management Engine Components\IPT;C:\Program Files\Microsoft SQL Server\110\DTS\Binn\;C:\Program Files (x86)\Microsoft SQL Server\110\Tools\Binn\;C:\Program Files\Microsoft SQL Server\110\Tools\Binn\;C:\Program Files (x86)\Microsoft SQL Server\110\Tools\Binn\ManagementStudio\;C:\Program Files (x86)\Microsoft Visual Studio 10.0\Common7\IDE\PrivateAssemblies\;C:\Program Files (x86)\Microsoft SQL Server\110\DTS\Binn\;C:\WINDOWS\system32\config\systemprofile\.dnx\bin;C:\Program Files\Microsoft DNX\Dnvm\;C:\Program Files\Microsoft SQL Server\130\Tools\Binn\;C:\Program Files (x86)\GtkSharp\2.12\bin;C:\Program Files\PuTTY\;C:\Program Files (x86)\QuickTime\QTSystem\;C:\WINDOWS\system32;C:\WINDOWS;C:\WINDOWS\System32\Wbem;C:\WINDOWS\System32\WindowsPowerShell\v1.0\;C:\Program Files\Java\jdk1.8.0_121\bin;C:\opencv\build\x64\vc14\bin;C:\Users\user\AppData\Local\Microsoft\WindowsApps;D:\NMAP;
USERNAME=user
OS=Windows_NT
PROCESSOR_IDENTIFIER=Intel64 Family 6 Model 94 Stepping 3, GenuineIntel



---------------  S Y S T E M  ---------------

OS: Windows 10.0 , 64 bit Build 16299 (10.0.16299.15)

CPU:total 8 (4 cores per cpu, 2 threads per core) family 6 model 94 stepping 3, cmov, cx8, fxsr, mmx, sse, sse2, sse3, ssse3, sse4.1, sse4.2, popcnt, avx, avx2, aes, clmul, erms, rtm, 3dnowpref, lzcnt, ht, tsc, tscinvbit, bmi1, bmi2, adx

Memory: 4k page, physical 8247572k(3599148k free), swap 10213652k(4188464k free)

vm_info: Java HotSpot(TM) 64-Bit Server VM (25.121-b13) for windows-amd64 JRE (1.8.0_121-b13), built on Dec 12 2016 18:21:36 by "java_re" with MS VC++ 10.0 (VS2010)

time: Tue Nov 21 08:37:26 2017
elapsed time: 13 seconds (0d 0h 0m 13s)

