#
# A fatal error has been detected by the Java Runtime Environment:
#
#  EXCEPTION_ACCESS_VIOLATION (0xc0000005) at pc=0x00007ffa50ba9d98, pid=5648, tid=0x0000000000002884
#
# JRE version: Java(TM) SE Runtime Environment (8.0_121-b13) (build 1.8.0_121-b13)
# Java VM: Java HotSpot(TM) 64-Bit Server VM (25.121-b13 mixed mode windows-amd64 compressed oops)
# Problematic frame:
# C  [KERNELBASE.dll+0x69d98]
#
# Failed to write core dump. Minidumps are not enabled by default on client versions of Windows
#
# If you would like to submit a bug report, please visit:
#   http://bugreport.java.com/bugreport/crash.jsp
# The crash happened outside the Java Virtual Machine in native code.
# See problematic frame for where to report the bug.
#

---------------  T H R E A D  ---------------

Current thread (0x000000001b20c800):  JavaThread "Thread-4" [_thread_in_native, id=10372, stack(0x0000000022fa0000,0x00000000230a0000)]

siginfo: ExceptionCode=0xc0000005, writing address 0x0000000000000034

Registers:
RAX=0x00007ffa5452d99b, RBX=0x000000002309e980, RCX=0x0000000000000000, RDX=0x0000000000000000
RSP=0x000000002309cbc0, RBP=0x000000002309d260, RSI=0x000000002309ee70, RDI=0x000000002309d9d0
R8 =0x0000000000000000, R9 =0x0000000000000000, R10=0x000000002309c8b4, R11=0x0000000000000000
R12=0x000000002309e028, R13=0x0000000000000000, R14=0x000000002309cd10, R15=0x00007ffa25754c20
RIP=0x00007ffa50ba9d98, EFLAGS=0x0000000000000202

Top of Stack: (sp=0x000000002309cbc0)
0x000000002309cbc0:   0000000000000000 000000002309e980
0x000000002309cbd0:   000000002309ee70 000000002309d9d0
0x000000002309cbe0:   00000000c0000005 0000000000000000
0x000000002309cbf0:   00007ffa50ba9d98 0000000000000002
0x000000002309cc00:   0000000000000001 0000000000000034
0x000000002309cc10:   0000000019930520 0000000000000000
0x000000002309cc20:   000061db654ad53b 0000000000000000
0x000000002309cc30:   000000002309f310 0000000075e720da
0x000000002309cc40:   0000000000000000 000000002309e980
0x000000002309cc50:   000000002309d9d0 0000000000000000
0x000000002309cc60:   000000002309d9d0 0000000075e720fb
0x000000002309cc70:   000000002309e980 000000002309f310
0x000000002309cc80:   0000221669cfebc3 0000000000000000
0x000000002309cc90:   000000002309e980 0000000075eb04d6
0x000000002309cca0:   00007ffa25754c20 000000002309e028
0x000000002309ccb0:   0000000000000100 0000000000000000 

Instructions: (pc=0x00007ffa50ba9d98)
0x00007ffa50ba9d78:   49 8b d1 44 0f 47 c0 44 89 44 24 38 49 c1 e0 03
0x00007ffa50ba9d88:   e8 2b db 01 00 48 8d 4c 24 20 ff 15 60 c8 0f 00
0x00007ffa50ba9d98:   48 8b 8c 24 c0 00 00 00 48 33 cc e8 88 b0 01 00
0x00007ffa50ba9da8:   48 81 c4 d8 00 00 00 c3 83 64 24 38 00 eb d6 cc 


Register to memory mapping:

RAX=0x00007ffa5452d99b is an unknown value
RBX=0x000000002309e980 is pointing into the stack for thread: 0x000000001b20c800
RCX=0x0000000000000000 is an unknown value
RDX=0x0000000000000000 is an unknown value
RSP=0x000000002309cbc0 is pointing into the stack for thread: 0x000000001b20c800
RBP=0x000000002309d260 is pointing into the stack for thread: 0x000000001b20c800
RSI=0x000000002309ee70 is pointing into the stack for thread: 0x000000001b20c800
RDI=0x000000002309d9d0 is pointing into the stack for thread: 0x000000001b20c800
R8 =0x0000000000000000 is an unknown value
R9 =0x0000000000000000 is an unknown value
R10=0x000000002309c8b4 is pointing into the stack for thread: 0x000000001b20c800
R11=0x0000000000000000 is an unknown value
R12=0x000000002309e028 is pointing into the stack for thread: 0x000000001b20c800
R13=0x0000000000000000 is an unknown value
R14=0x000000002309cd10 is pointing into the stack for thread: 0x000000001b20c800
R15=0x00007ffa25754c20 is an unknown value


Stack: [0x0000000022fa0000,0x00000000230a0000],  sp=0x000000002309cbc0,  free space=1010k
Native frames: (J=compiled Java code, j=interpreted, Vv=VM code, C=native code)
C  [KERNELBASE.dll+0x69d98]
C  [msvcr100.dll+0x604d6]
C  [ntdll.dll+0xa9603]
C  [opencv_highgui248.dll+0x16ea9]
C  [opencv_highgui248.dll+0x12ef]
C  [jniopencv_highgui.dll+0x69a0]
C  0x0000000003147f74

Java frames: (J=compiled Java code, j=interpreted, Vv=VM code)
j  com.googlecode.javacv.cpp.opencv_highgui.cvCreateCameraCapture(I)Lcom/googlecode/javacv/cpp/opencv_highgui$CvCapture;+0
j  webcam.Webcamera$4.run()V+1
v  ~StubRoutines::call_stub

---------------  P R O C E S S  ---------------

Java Threads: ( => current thread )
=>0x000000001b20c800 JavaThread "Thread-4" [_thread_in_native, id=10372, stack(0x0000000022fa0000,0x00000000230a0000)]
  0x000000001af95000 JavaThread "TimerQueue" daemon [_thread_blocked, id=10312, stack(0x000000001c3c0000,0x000000001c4c0000)]
  0x000000000302e000 JavaThread "DestroyJavaVM" [_thread_blocked, id=10184, stack(0x0000000002ec0000,0x0000000002fc0000)]
  0x000000001af4f800 JavaThread "AWT-EventQueue-0" [_thread_in_native, id=10308, stack(0x000000001bfc0000,0x000000001c0c0000)]
  0x000000001aee8800 JavaThread "AWT-Windows" daemon [_thread_in_native, id=10304, stack(0x000000001b830000,0x000000001b930000)]
  0x000000001aee8000 JavaThread "AWT-Shutdown" [_thread_blocked, id=10300, stack(0x000000001b730000,0x000000001b830000)]
  0x000000001aee7000 JavaThread "Java2D Disposer" daemon [_thread_blocked, id=10296, stack(0x000000001b630000,0x000000001b730000)]
  0x000000001805e800 JavaThread "Service Thread" daemon [_thread_blocked, id=10288, stack(0x000000001ab00000,0x000000001ac00000)]
  0x000000001805d000 JavaThread "C1 CompilerThread3" daemon [_thread_blocked, id=10284, stack(0x000000001aa00000,0x000000001ab00000)]
  0x0000000019f45800 JavaThread "C2 CompilerThread2" daemon [_thread_blocked, id=10280, stack(0x000000001a900000,0x000000001aa00000)]
  0x0000000019f41000 JavaThread "C2 CompilerThread1" daemon [_thread_blocked, id=10276, stack(0x000000001a800000,0x000000001a900000)]
  0x0000000019f3e000 JavaThread "C2 CompilerThread0" daemon [_thread_blocked, id=10272, stack(0x000000001a700000,0x000000001a800000)]
  0x0000000019f3b800 JavaThread "Attach Listener" daemon [_thread_blocked, id=10268, stack(0x000000001a600000,0x000000001a700000)]
  0x0000000019f38800 JavaThread "Signal Dispatcher" daemon [_thread_blocked, id=10264, stack(0x000000001a500000,0x000000001a600000)]
  0x000000000312e000 JavaThread "Finalizer" daemon [_thread_blocked, id=10256, stack(0x000000001a310000,0x000000001a410000)]
  0x0000000003125000 JavaThread "Reference Handler" daemon [_thread_blocked, id=10252, stack(0x0000000019e10000,0x0000000019f10000)]

Other Threads:
  0x0000000018048000 VMThread [stack: 0x0000000019d10000,0x0000000019e10000] [id=10248]
  0x0000000019ff6000 WatcherThread [stack: 0x000000001ac00000,0x000000001ad00000] [id=10292]

VM state:not at safepoint (normal execution)

VM Mutex/Monitor currently owned by a thread: None

Heap:
 PSYoungGen      total 37888K, used 18896K [0x00000000d6100000, 0x00000000d8b00000, 0x0000000100000000)
  eden space 32768K, 57% used [0x00000000d6100000,0x00000000d7374070,0x00000000d8100000)
  from space 5120K, 0% used [0x00000000d8600000,0x00000000d8600000,0x00000000d8b00000)
  to   space 5120K, 0% used [0x00000000d8100000,0x00000000d8100000,0x00000000d8600000)
 ParOldGen       total 86016K, used 0K [0x0000000082200000, 0x0000000087600000, 0x00000000d6100000)
  object space 86016K, 0% used [0x0000000082200000,0x0000000082200000,0x0000000087600000)
 Metaspace       used 13488K, capacity 13684K, committed 13824K, reserved 1060864K
  class space    used 1694K, capacity 1764K, committed 1792K, reserved 1048576K

Card table byte_map: [0x00000000124f0000,0x00000000128e0000] byte_map_base: 0x00000000120df000

Marking Bits: (ParMarkBitMap*) 0x000000007674b6d0
 Begin Bits: [0x0000000013380000, 0x00000000152f8000)
 End Bits:   [0x00000000152f8000, 0x0000000017270000)

Polling page: 0x0000000001660000

CodeCache: size=245760Kb used=3334Kb max_used=3334Kb free=242425Kb
 bounds [0x0000000003130000, 0x0000000003480000, 0x0000000012130000]
 total_blobs=1445 nmethods=903 adapters=455
 compilation: enabled

Compilation events (10 events):
Event: 9.686 Thread 0x000000001805d000  898       1       javax.swing.plaf.synth.SynthContext::getStyle (5 bytes)
Event: 9.686 Thread 0x000000001805d000 nmethod 898 0x0000000003470990 code [0x0000000003470ae0, 0x0000000003470bf0]
Event: 9.686 Thread 0x000000001805d000  899       3       java.awt.geom.RoundRectIterator::isDone (17 bytes)
Event: 9.687 Thread 0x000000001805d000 nmethod 899 0x00000000034705d0 code [0x0000000003470720, 0x00000000034708f0]
Event: 9.687 Thread 0x000000001805d000  900       3       java.awt.Color::getAlpha (12 bytes)
Event: 9.687 Thread 0x000000001805d000 nmethod 900 0x0000000003473e90 code [0x0000000003474000, 0x0000000003474228]
Event: 9.688 Thread 0x000000001805d000  901       1       sun.awt.image.VolatileSurfaceManager::getPrimarySurfaceData (5 bytes)
Event: 9.688 Thread 0x000000001805d000 nmethod 901 0x0000000003473bd0 code [0x0000000003473d20, 0x0000000003473e30]
Event: 9.722 Thread 0x000000001805d000  902       3       java.util.concurrent.locks.AbstractQueuedSynchronizer::compareAndSetWaitStatus (13 bytes)
Event: 9.722 Thread 0x000000001805d000 nmethod 902 0x00000000034738d0 code [0x0000000003473a20, 0x0000000003473b70]

GC Heap History (0 events):
No events

Deoptimization events (10 events):
Event: 0.810 Thread 0x000000001af4f800 Uncommon trap: reason=class_check action=maybe_recompile pc=0x0000000003309700 method=java.util.HashMap.putVal(ILjava/lang/Object;Ljava/lang/Object;ZZ)Ljava/lang/Object; @ 253
Event: 0.810 Thread 0x000000001af4f800 Uncommon trap: reason=class_check action=maybe_recompile pc=0x0000000003309700 method=java.util.HashMap.putVal(ILjava/lang/Object;Ljava/lang/Object;ZZ)Ljava/lang/Object; @ 253
Event: 0.813 Thread 0x000000001af4f800 Uncommon trap: reason=class_check action=maybe_recompile pc=0x0000000003309700 method=java.util.HashMap.putVal(ILjava/lang/Object;Ljava/lang/Object;ZZ)Ljava/lang/Object; @ 253
Event: 0.813 Thread 0x000000001af4f800 Uncommon trap: reason=class_check action=maybe_recompile pc=0x000000000330bc2c method=java.util.HashMap.putVal(ILjava/lang/Object;Ljava/lang/Object;ZZ)Ljava/lang/Object; @ 253
Event: 9.270 Thread 0x000000001af4f800 Uncommon trap: reason=class_check action=maybe_recompile pc=0x0000000003355a90 method=java.util.zip.InflaterInputStream.read([BII)I @ 100
Event: 9.270 Thread 0x000000001af4f800 Uncommon trap: reason=class_check action=maybe_recompile pc=0x0000000003355a90 method=java.util.zip.InflaterInputStream.read([BII)I @ 100
Event: 9.270 Thread 0x000000001af4f800 Uncommon trap: reason=class_check action=maybe_recompile pc=0x0000000003355a90 method=java.util.zip.InflaterInputStream.read([BII)I @ 100
Event: 9.270 Thread 0x000000001af4f800 Uncommon trap: reason=class_check action=maybe_recompile pc=0x0000000003355a90 method=java.util.zip.InflaterInputStream.read([BII)I @ 100
Event: 9.315 Thread 0x000000001af4f800 Uncommon trap: reason=unstable_if action=reinterpret pc=0x0000000003347744 method=java.lang.String.indexOf([CII[CIII)I @ 3
Event: 9.670 Thread 0x000000001af4f800 Uncommon trap: reason=unstable_if action=reinterpret pc=0x0000000003465f50 method=com.sun.imageio.plugins.png.PNGImageWriter.encodePass(Ljavax/imageio/stream/ImageOutputStream;Ljava/awt/image/RenderedImage;IIII)V @ 303

Internal exceptions (10 events):
Event: 0.300 Thread 0x000000000302e000 Exception <a 'java/lang/ClassNotFoundException': ToggleButton> (0x00000000d6558018) thrown at [C:\re\workspace\8-2-build-windows-amd64-cygwin\jdk8u121\8372\hotspot\src\share\vm\classfile\systemDictionary.cpp, line 210]
Event: 0.300 Thread 0x000000000302e000 Exception <a 'java/lang/ClassNotFoundException': javax/swing/JToolBarSeparator> (0x00000000d6558478) thrown at [C:\re\workspace\8-2-build-windows-amd64-cygwin\jdk8u121\8372\hotspot\src\share\vm\classfile\systemDictionary.cpp, line 210]
Event: 0.300 Thread 0x000000000302e000 Exception <a 'java/lang/ClassNotFoundException': ToolBarSeparator> (0x00000000d6558910) thrown at [C:\re\workspace\8-2-build-windows-amd64-cygwin\jdk8u121\8372\hotspot\src\share\vm\classfile\systemDictionary.cpp, line 210]
Event: 0.300 Thread 0x000000000302e000 Exception <a 'java/lang/ClassNotFoundException': ToolTip> (0x00000000d6559050) thrown at [C:\re\workspace\8-2-build-windows-amd64-cygwin\jdk8u121\8372\hotspot\src\share\vm\classfile\systemDictionary.cpp, line 210]
Event: 0.301 Thread 0x000000000302e000 Exception <a 'java/lang/ClassNotFoundException': Tree> (0x00000000d6559c70) thrown at [C:\re\workspace\8-2-build-windows-amd64-cygwin\jdk8u121\8372\hotspot\src\share\vm\classfile\systemDictionary.cpp, line 210]
Event: 0.301 Thread 0x000000000302e000 Exception <a 'java/lang/ClassNotFoundException': Tree> (0x00000000d655a3b0) thrown at [C:\re\workspace\8-2-build-windows-amd64-cygwin\jdk8u121\8372\hotspot\src\share\vm\classfile\systemDictionary.cpp, line 210]
Event: 0.301 Thread 0x000000000302e000 Exception <a 'java/lang/ClassNotFoundException': javax/swing/JTreeCell> (0x00000000d655a730) thrown at [C:\re\workspace\8-2-build-windows-amd64-cygwin\jdk8u121\8372\hotspot\src\share\vm\classfile\systemDictionary.cpp, line 210]
Event: 0.301 Thread 0x000000000302e000 Exception <a 'java/lang/ClassNotFoundException': TreeCell> (0x00000000d655abb8) thrown at [C:\re\workspace\8-2-build-windows-amd64-cygwin\jdk8u121\8372\hotspot\src\share\vm\classfile\systemDictionary.cpp, line 210]
Event: 0.301 Thread 0x000000000302e000 Exception <a 'java/lang/ClassNotFoundException': RootPane> (0x00000000d655b618) thrown at [C:\re\workspace\8-2-build-windows-amd64-cygwin\jdk8u121\8372\hotspot\src\share\vm\classfile\systemDictionary.cpp, line 210]
Event: 9.679 Thread 0x000000001af4f800 Exception <a 'java/net/SocketException': The message is larger than the maximum supported by the underlying transport: Datagram send failed> (0x00000000d7289808) thrown at [C:\re\workspace\8-2-build-windows-amd64-cygwin\jdk8u121\8372\hotspot\src\share\vm\

Events (10 events):
Event: 9.675 loading class sun/net/InetAddressCachePolicy$2 done
Event: 9.675 loading class java/net/InetAddress$CacheEntry
Event: 9.676 loading class java/net/InetAddress$CacheEntry done
Event: 9.678 loading class java/net/DatagramPacket$1
Event: 9.678 loading class java/net/DatagramPacket$1 done
Event: 9.680 loading class javax/swing/event/ChangeEvent
Event: 9.680 loading class javax/swing/event/ChangeEvent done
Event: 9.680 loading class java/awt/LightweightDispatcher$2
Event: 9.680 loading class java/awt/LightweightDispatcher$2 done
Event: 9.682 Thread 0x000000001b20c800 Thread added: 0x000000001b20c800


Dynamic libraries:
0x00007ff6297c0000 - 0x00007ff6297f7000 	C:\Program Files\Java\jdk1.8.0_121\bin\java.exe
0x00007ffa54510000 - 0x00007ffa546eb000 	C:\WINDOWS\SYSTEM32\ntdll.dll
0x00007ffa54290000 - 0x00007ffa5433e000 	C:\WINDOWS\System32\KERNEL32.DLL
0x00007ffa50b40000 - 0x00007ffa50d89000 	C:\WINDOWS\System32\KERNELBASE.dll
0x00007ffa53d00000 - 0x00007ffa53da1000 	C:\WINDOWS\System32\ADVAPI32.dll
0x00007ffa53e80000 - 0x00007ffa53f1d000 	C:\WINDOWS\System32\msvcrt.dll
0x00007ffa53f20000 - 0x00007ffa53f79000 	C:\WINDOWS\System32\sechost.dll
0x00007ffa53b00000 - 0x00007ffa53c25000 	C:\WINDOWS\System32\RPCRT4.dll
0x00007ffa53f80000 - 0x00007ffa540ca000 	C:\WINDOWS\System32\USER32.dll
0x00007ffa50e30000 - 0x00007ffa50e4e000 	C:\WINDOWS\System32\win32u.dll
0x00007ffa53cd0000 - 0x00007ffa53cf7000 	C:\WINDOWS\System32\GDI32.dll
0x00007ffa51820000 - 0x00007ffa519a7000 	C:\WINDOWS\System32\gdi32full.dll
0x00007ffa50d90000 - 0x00007ffa50e2a000 	C:\WINDOWS\System32\msvcp_win.dll
0x00007ffa51720000 - 0x00007ffa51816000 	C:\WINDOWS\System32\ucrtbase.dll
0x00007ffa438f0000 - 0x00007ffa43b57000 	C:\WINDOWS\WinSxS\amd64_microsoft.windows.common-controls_6595b64144ccf1df_6.0.15063.483_none_26002d27e7c744a2\COMCTL32.dll
0x00007ffa51af0000 - 0x00007ffa51de9000 	C:\WINDOWS\System32\combase.dll
0x00007ffa51a00000 - 0x00007ffa51a6a000 	C:\WINDOWS\System32\bcryptPrimitives.dll
0x00007ffa51f60000 - 0x00007ffa51f8d000 	C:\WINDOWS\System32\IMM32.DLL
0x0000000075e50000 - 0x0000000075f22000 	C:\Program Files\Java\jdk1.8.0_121\jre\bin\msvcr100.dll
0x0000000075f30000 - 0x00000000767cb000 	C:\Program Files\Java\jdk1.8.0_121\jre\bin\server\jvm.dll
0x00007ffa53500000 - 0x00007ffa53508000 	C:\WINDOWS\System32\PSAPI.DLL
0x00007ffa43350000 - 0x00007ffa43373000 	C:\WINDOWS\SYSTEM32\WINMM.dll
0x00007ffa49200000 - 0x00007ffa4920a000 	C:\WINDOWS\SYSTEM32\VERSION.dll
0x00007ffa4d3b0000 - 0x00007ffa4d3b9000 	C:\WINDOWS\SYSTEM32\WSOCK32.dll
0x00007ffa53db0000 - 0x00007ffa53e1c000 	C:\WINDOWS\System32\WS2_32.dll
0x00007ffa431d0000 - 0x00007ffa431fb000 	C:\WINDOWS\SYSTEM32\WINMMBASE.dll
0x00007ffa519b0000 - 0x00007ffa519f9000 	C:\WINDOWS\System32\cfgmgr32.dll
0x00000000520e0000 - 0x00000000520ef000 	C:\Program Files\Java\jdk1.8.0_121\jre\bin\verify.dll
0x00000000520b0000 - 0x00000000520d9000 	C:\Program Files\Java\jdk1.8.0_121\jre\bin\java.dll
0x0000000050030000 - 0x0000000050046000 	C:\Program Files\Java\jdk1.8.0_121\jre\bin\zip.dll
0x00007ffa520c0000 - 0x00007ffa534f7000 	C:\WINDOWS\System32\SHELL32.dll
0x00007ffa541e0000 - 0x00007ffa5428a000 	C:\WINDOWS\System32\shcore.dll
0x00007ffa51020000 - 0x00007ffa51711000 	C:\WINDOWS\System32\windows.storage.dll
0x00007ffa53510000 - 0x00007ffa53561000 	C:\WINDOWS\System32\shlwapi.dll
0x00007ffa509d0000 - 0x00007ffa509e1000 	C:\WINDOWS\System32\kernel.appcore.dll
0x00007ffa50980000 - 0x00007ffa509cc000 	C:\WINDOWS\System32\powrprof.dll
0x00007ffa509f0000 - 0x00007ffa50a05000 	C:\WINDOWS\System32\profapi.dll
0x0000000075c90000 - 0x0000000075e28000 	C:\Program Files\Java\jdk1.8.0_121\jre\bin\awt.dll
0x00007ffa52000000 - 0x00007ffa520c0000 	C:\WINDOWS\System32\OLEAUT32.dll
0x00007ffa4f030000 - 0x00007ffa4f0ae000 	C:\WINDOWS\SYSTEM32\apphelp.dll
0x00007ffa4f1c0000 - 0x00007ffa4f255000 	C:\WINDOWS\system32\uxtheme.dll
0x00007ffa51df0000 - 0x00007ffa51f56000 	C:\WINDOWS\System32\MSCTF.dll
0x00007ffa3d3d0000 - 0x00007ffa3d3fa000 	C:\WINDOWS\system32\dwmapi.dll
0x00007ffa53570000 - 0x00007ffa536b5000 	C:\WINDOWS\System32\ole32.dll
0x00007ffa173f0000 - 0x00007ffa17409000 	C:\Program Files (x86)\Smadav\SmadHook64.dll
0x0000000075c40000 - 0x0000000075c87000 	C:\Program Files\Java\jdk1.8.0_121\jre\bin\fontmanager.dll
0x00007ffa2f660000 - 0x00007ffa2f781000 	C:\WINDOWS\system32\opengl32.dll
0x00007ffa32c90000 - 0x00007ffa32cbc000 	C:\WINDOWS\SYSTEM32\GLU32.dll
0x0000000050010000 - 0x000000005002a000 	C:\Program Files\Java\jdk1.8.0_121\jre\bin\net.dll
0x00007ffa50290000 - 0x00007ffa502ec000 	C:\WINDOWS\system32\mswsock.dll
0x0000000075e30000 - 0x0000000075e41000 	C:\Program Files\Java\jdk1.8.0_121\jre\bin\nio.dll
0x0000000075bf0000 - 0x0000000075c32000 	C:\Program Files\Java\jdk1.8.0_121\jre\bin\t2k.dll
0x00007ffa3bf50000 - 0x00007ffa3bfd2000 	C:\WINDOWS\System32\TextInputFramework.dll
0x00007ffa3bc70000 - 0x00007ffa3bf42000 	C:\WINDOWS\System32\CoreUIComponents.dll
0x00007ffa4d0c0000 - 0x00007ffa4d1a3000 	C:\WINDOWS\System32\CoreMessaging.dll
0x00007ffa4fb90000 - 0x00007ffa4fbc1000 	C:\WINDOWS\SYSTEM32\ntmarta.dll
0x00007ffa4de20000 - 0x00007ffa4df59000 	C:\WINDOWS\SYSTEM32\wintypes.dll
0x00007ffa46e30000 - 0x00007ffa46e45000 	C:\WINDOWS\SYSTEM32\usermgrcli.dll
0x0000000075bc0000 - 0x0000000075bea000 	C:\Program Files\Java\jdk1.8.0_121\jre\bin\dcpr.dll
0x0000000073d90000 - 0x0000000073e61000 	C:\Users\user\AppData\Local\Temp\javacpp563834371291\msvcr100.dll
0x0000000073cf0000 - 0x0000000073d88000 	C:\Users\user\AppData\Local\Temp\javacpp563834371291\msvcp100.dll
0x0000000066840000 - 0x00000000676b4000 	C:\Users\user\AppData\Local\Temp\javacpp563834371291\opencv_ffmpeg248_64.dll
0x00007ffa28210000 - 0x00007ffa28482000 	C:\Users\user\AppData\Local\Temp\javacpp563834371291\opencv_core248.dll
0x00007ffa260a0000 - 0x00007ffa26352000 	C:\Users\user\AppData\Local\Temp\javacpp563834371291\opencv_imgproc248.dll
0x00007ffa25640000 - 0x00007ffa2588d000 	C:\Users\user\AppData\Local\Temp\javacpp563834371291\opencv_highgui248.dll
0x00007ffa47c80000 - 0x00007ffa47c9f000 	C:\WINDOWS\SYSTEM32\AVIFIL32.dll
0x00007ffa47c60000 - 0x00007ffa47c78000 	C:\WINDOWS\SYSTEM32\AVICAP32.dll
0x00007ffa43210000 - 0x00007ffa4322c000 	C:\WINDOWS\SYSTEM32\MSACM32.dll
0x00007ffa3dbb0000 - 0x00007ffa3dbd9000 	C:\WINDOWS\SYSTEM32\MSVFW32.dll
0x00007ffa3db90000 - 0x00007ffa3dba3000 	C:\Users\user\AppData\Local\Temp\javacpp563834371291\jniopencv_highgui.dll
0x00007ffa53c30000 - 0x00007ffa53cce000 	C:\WINDOWS\System32\clbcatq.dll
0x00007ffa3db70000 - 0x00007ffa3db87000 	C:\Windows\System32\devenum.dll
0x00007ffa536c0000 - 0x00007ffa53afb000 	C:\WINDOWS\System32\setupapi.dll
0x00007ffa4f590000 - 0x00007ffa4f5b8000 	C:\WINDOWS\SYSTEM32\DEVOBJ.dll
0x00007ffa50a30000 - 0x00007ffa50a86000 	C:\WINDOWS\System32\WINTRUST.dll
0x00007ffa50a10000 - 0x00007ffa50a21000 	C:\WINDOWS\System32\MSASN1.dll
0x00007ffa50e50000 - 0x00007ffa51019000 	C:\WINDOWS\System32\CRYPT32.dll
0x00007ffa284d0000 - 0x00007ffa284db000 	C:\WINDOWS\SYSTEM32\msdmo.dll
0x00007ffa3db30000 - 0x00007ffa3db62000 	C:\Windows\System32\qcap.dll
0x00007ffa25480000 - 0x00007ffa2563c000 	C:\Windows\System32\quartz.dll
0x00007ffa50540000 - 0x00007ffa50565000 	C:\Windows\System32\bcrypt.dll
0x00007ffa3d950000 - 0x00007ffa3d99d000 	C:\Windows\System32\mfksproxy.dll
0x00007ffa12870000 - 0x00007ffa128a2000 	C:\Windows\System32\MFSENSORGROUP.dll
0x00007ffa43ed0000 - 0x00007ffa43eec000 	C:\Windows\System32\ATL.DLL
0x00007ffa28ee0000 - 0x00007ffa29080000 	C:\Windows\System32\MFPlat.DLL
0x00007ffa28ea0000 - 0x00007ffa28ed2000 	C:\Windows\System32\RTWorkQ.DLL
0x00007ffa281c0000 - 0x00007ffa28208000 	C:\Windows\System32\ksproxy.ax
0x00007ffa19d70000 - 0x00007ffa19ef9000 	C:\Windows\System32\d3d9.dll
0x00007ffa28780000 - 0x00007ffa28789000 	C:\Windows\System32\ksuser.dll
0x00007ffa4a130000 - 0x00007ffa4a1a7000 	C:\WINDOWS\SYSTEM32\policymanager.dll
0x00007ffa4c260000 - 0x00007ffa4c2ef000 	C:\Windows\System32\msvcp110_win.dll
0x00007ffa47ce0000 - 0x00007ffa47cec000 	C:\Windows\System32\vidcap.ax
0x00007ffa284e0000 - 0x00007ffa28506000 	C:\Windows\System32\kswdmcap.ax
0x00007ffa27fa0000 - 0x00007ffa28104000 	C:\Windows\System32\MFC42.dll
0x00007ffa26ac0000 - 0x00007ffa26b5f000 	C:\Windows\System32\qedit.dll
0x00007ffa540d0000 - 0x00007ffa541d8000 	C:\WINDOWS\System32\COMDLG32.dll
0x00007ffa3c9f0000 - 0x00007ffa3cb85000 	C:\WINDOWS\WinSxS\amd64_microsoft.windows.gdiplus_6595b64144ccf1df_1.1.15063.608_none_56f0266b425534e9\gdiplus.dll
0x00007ffa3a610000 - 0x00007ffa3a706000 	C:\Windows\System32\DDRAW.dll
0x00007ffa47b00000 - 0x00007ffa47b08000 	C:\Windows\System32\DCIMAN32.dll
0x00007ffa26910000 - 0x00007ffa269aa000 	C:\Users\user\AppData\Local\Temp\javacpp563834371291\jniopencv_core.dll
0x00007ffa50430000 - 0x00007ffa50447000 	C:\WINDOWS\SYSTEM32\CRYPTSP.dll
0x00007ffa4feb0000 - 0x00007ffa4fee4000 	C:\WINDOWS\system32\rsaenh.dll
0x00007ffa508b0000 - 0x00007ffa508d9000 	C:\WINDOWS\SYSTEM32\USERENV.dll
0x00007ffa50450000 - 0x00007ffa5045b000 	C:\WINDOWS\SYSTEM32\CRYPTBASE.dll
0x00007ffa50030000 - 0x00007ffa50067000 	C:\WINDOWS\SYSTEM32\IPHLPAPI.DLL
0x00007ffa51f90000 - 0x00007ffa51f98000 	C:\WINDOWS\System32\NSI.dll
0x00007ffa4aa80000 - 0x00007ffa4aa96000 	C:\WINDOWS\SYSTEM32\dhcpcsvc6.DLL
0x00007ffa4aa60000 - 0x00007ffa4aa7a000 	C:\WINDOWS\SYSTEM32\dhcpcsvc.DLL
0x00007ffa50070000 - 0x00007ffa50114000 	C:\WINDOWS\SYSTEM32\DNSAPI.dll
0x00007ffa47ba0000 - 0x00007ffa47baa000 	C:\Windows\System32\rasadhlp.dll
0x00007ffa4aaf0000 - 0x00007ffa4ab5b000 	C:\WINDOWS\System32\fwpuclnt.dll
0x00007ffa3e640000 - 0x00007ffa3e64c000 	C:\WINDOWS\SYSTEM32\msyuv.dll
0x00007ffa4c0b0000 - 0x00007ffa4c259000 	C:\WINDOWS\SYSTEM32\dbghelp.dll

VM Arguments:
jvm_args: -Dfile.encoding=UTF-8 
java_command: webcam.Webcamera
java_class_path (initial): C:\javacv-bin\javacpp.jar;C:\javacv-bin\javacv-android-arm.jar;C:\javacv-bin\javacv-linux-x86.jar;C:\javacv-bin\javacv-linux-x86_64.jar;C:\javacv-bin\javacv-macosx-x86_64.jar;C:\javacv-bin\javacv-windows-x86.jar;C:\javacv-bin\javacv-windows-x86_64.jar;C:\javacv-bin\javacv.jar;C:\javacv-cppjars\ffmpeg-2.1.1-windows-x86.jar;C:\javacv-cppjars\ffmpeg-2.1.1-windows-x86_64.jar;C:\javacv-cppjars\opencv-2.4.8-windows-x86.jar;C:\javacv-cppjars\opencv-2.4.8-windows-x86_64.jar;C:\Users\user\Documents\NetBeansProjects\Webcam\build\classes
Launcher Type: SUN_STANDARD

Environment Variables:
PATH=C:\ProgramData\Oracle\Java\javapath;C:\Program Files (x86)\Intel\iCLS Client\;C:\Program Files\Intel\iCLS Client\;C:\Windows\system32;C:\Windows;C:\Windows\System32\Wbem;C:\Windows\System32\WindowsPowerShell\v1.0\;C:\Program Files (x86)\NVIDIA Corporation\PhysX\Common;C:\Program Files (x86)\Intel\Intel(R) Management Engine Components\DAL;C:\Program Files\Intel\Intel(R) Management Engine Components\DAL;C:\Program Files (x86)\Intel\Intel(R) Management Engine Components\IPT;C:\Program Files\Intel\Intel(R) Management Engine Components\IPT;C:\Program Files\Microsoft SQL Server\110\DTS\Binn\;C:\Program Files (x86)\Microsoft SQL Server\110\Tools\Binn\;C:\Program Files\Microsoft SQL Server\110\Tools\Binn\;C:\Program Files (x86)\Microsoft SQL Server\110\Tools\Binn\ManagementStudio\;C:\Program Files (x86)\Microsoft Visual Studio 10.0\Common7\IDE\PrivateAssemblies\;C:\Program Files (x86)\Microsoft SQL Server\110\DTS\Binn\;C:\WINDOWS\system32\config\systemprofile\.dnx\bin;C:\Program Files\Microsoft DNX\Dnvm\;C:\Program Files\Microsoft SQL Server\130\Tools\Binn\;C:\Program Files (x86)\GtkSharp\2.12\bin;C:\Program Files\PuTTY\;C:\Program Files (x86)\QuickTime\QTSystem\;C:\WINDOWS\system32;C:\WINDOWS;C:\WINDOWS\System32\Wbem;C:\WINDOWS\System32\WindowsPowerShell\v1.0\;C:\Program Files\Java\jdk1.8.0_121\bin;C:\opencv\build\x64\vc14\bin;C:\Users\user\AppData\Local\Microsoft\WindowsApps;D:\NMAP
USERNAME=user
OS=Windows_NT
PROCESSOR_IDENTIFIER=Intel64 Family 6 Model 94 Stepping 3, GenuineIntel



---------------  S Y S T E M  ---------------

OS: Windows 10.0 , 64 bit Build 15063 (10.0.15063.296)

CPU:total 8 (4 cores per cpu, 2 threads per core) family 6 model 94 stepping 3, cmov, cx8, fxsr, mmx, sse, sse2, sse3, ssse3, sse4.1, sse4.2, popcnt, avx, avx2, aes, clmul, erms, rtm, 3dnowpref, lzcnt, ht, tsc, tscinvbit, bmi1, bmi2, adx

Memory: 4k page, physical 8247572k(5136072k free), swap 9820436k(6027756k free)

vm_info: Java HotSpot(TM) 64-Bit Server VM (25.121-b13) for windows-amd64 JRE (1.8.0_121-b13), built on Dec 12 2016 18:21:36 by "java_re" with MS VC++ 10.0 (VS2010)

time: Sun Nov 19 20:21:11 2017
elapsed time: 9 seconds (0d 0h 0m 9s)

